This is LuaTeX, Version beta-0.70.2-2013010517 (TeX Live 2012/Arch Linux) (format=lualatex 2013.1.14)  12 MAR 2013 15:28
 restricted \write18 enabled.
**cover.tex
(./cover.tex
LaTeX2e <2011/06/27>
LuaTeX adaptation of babel <v3.8m-luatex-1.5> and hyphenation patterns for engl
ish, dumylang, nohyphenation, loaded.

! LaTeX Error: Environment titlepage undefined.

See the LaTeX manual or LaTeX Companion for explanation.
Type  H <return>  for immediate help.
 ...                                              
                                                  
l.34 \begin{titlepage}
                      
? X


Here is how much of LuaTeX's memory you used:
 10 strings out of 494982
 100000,89155 words of node,token memory allocated 188 words of node memory still in use:
   31 glue_spec, 1 dir nodes
   avail lists: 2:12,3:1
 3677 multiletter control sequences out of 65536+200000
 14 fonts using 563007 bytes
 5i,0n,4p,84b,16s stack positions out of 5000i,500n,10000p,200000b,50000s
No pages of output.

PDF statistics: 0 PDF objects out of 1000 (max. 8388607)
 0 named destinations out of 1000 (max. 131072)
 1 words of extra memory for PDF output out of 10000 (max. 10000000)

