This is LuaTeX, Version beta-0.70.2-2013010517 (TeX Live 2012/Arch Linux) (format=lualatex 2013.1.23)  1 APR 2013 20:37
 restricted \write18 enabled.
**main.tex
(./main.tex
LaTeX2e <2011/06/27>
LuaTeX adaptation of babel <v3.8m-luatex-1.5> and hyphenation patterns for engl
ish, dumylang, nohyphenation, loaded.
(/usr/share/texmf-dist/tex/latex/koma-script/scrbook.cls
Document Class: scrbook 2012/07/29 v3.11b KOMA-Script document class (book)
(/usr/share/texmf-dist/tex/latex/koma-script/scrkbase.sty
Package: scrkbase 2012/07/29 v3.11b KOMA-Script package (KOMA-Script-dependent 
basics and keyval usage)

(/usr/share/texmf-dist/tex/latex/koma-script/scrbase.sty
Package: scrbase 2012/07/29 v3.11b KOMA-Script package (KOMA-Script-independent
 basics and keyval usage)

(/usr/share/texmf-dist/tex/latex/graphics/keyval.sty
Package: keyval 1999/03/16 v1.13 key=value parser (DPC)
\KV@toks@=\toks14
)
(/usr/share/texmf-dist/tex/latex/koma-script/scrlfile.sty
Package: scrlfile 2012/06/15 v3.12 KOMA-Script package (loading files)

Package scrlfile, 2012/06/15 v3.12 KOMA-Script package (loading files)
                  Copyright (C) Markus Kohm

))) (/usr/share/texmf-dist/tex/latex/koma-script/tocbasic.sty
Package: tocbasic 2012/04/04 v3.10b KOMA-Script package (handling toc-files)
)
Package tocbasic Info: omitting babel extension for `toc'
(tocbasic)             because of feature `nobabel' available
(tocbasic)             for `toc' on input line 117.
Package tocbasic Info: omitting babel extension for `lof'
(tocbasic)             because of feature `nobabel' available
(tocbasic)             for `lof' on input line 118.
Package tocbasic Info: omitting babel extension for `lot'
(tocbasic)             because of feature `nobabel' available
(tocbasic)             for `lot' on input line 119.
Package scrbook Info: You've used obsolete option `12pt'.
(scrbook)             \KOMAExecuteOptions{fontsize=12pt} will be
(scrbook)             used instead.
(scrbook)             You may simply replace `12pt'
(scrbook)             by `fontsize=12pt'.


Class scrbook Warning: You've used obsolete option `pointlessnumbers'.
(scrbook)              Usage of this option indicates an old document and
(scrbook)              changes compatibility level using
(scrbook)              `numbers=noenddot,version=first'.
(scrbook)              If you don't want this, you should simply replace
(scrbook)              usage of option `pointlessnumbers' by `numbers=noenddot'
.

Class scrbook Info: Switching compatibility level to `first'.
Class scrbook Info: File `scrsize12pt.clo' used to setup font sizes on input li
ne 1368.
(/usr/share/texmf-dist/tex/latex/koma-script/scrsize12pt.clo
File: scrsize12pt.clo 2012/07/29 v3.11b KOMA-Script font size class option (12p
t)
)
(/usr/share/texmf-dist/tex/latex/koma-script/typearea.sty
Package: typearea 2012/07/29 v3.11b KOMA-Script package (type area)

Package typearea, 2012/07/29 v3.11b KOMA-Script package (type area)
                  Copyright (C) Frank Neukam, 1992-1994
                  Copyright (C) Markus Kohm, 1994-

\ta@bcor=\skip41
\ta@div=\count79
Package typearea Info: You've used standard option `pdftex'.
(typearea)             This is correct!
(typearea)             Internally I'm using `pagesize=pdftex'.
(typearea)             If you'd like to set the option with \KOMAoptions,
(typearea)             you'd have to use `pagesize=pdftex' there
(typearea)             instead of `pdftex', too.
Package typearea Info: You've used standard option `a4paper'.
(typearea)             This is correct!
(typearea)             Internally I'm using `paper=a4'.
(typearea)             If you'd like to set the option with \KOMAoptions,
(typearea)             you'd have to use `paper=a4' there
(typearea)             instead of `a4paper', too.
\ta@hblk=\skip42
\ta@vblk=\skip43
\ta@temp=\skip44
Package typearea Info: These are the values describing the layout:
(typearea)             DIV  = 11
(typearea)             BCOR = 14.22636pt
(typearea)             \paperwidth      = 597.50793pt
(typearea)              \textwidth      = 424.2048pt
(typearea)              DIV departure   = 0%
(typearea)              \evensidemargin = 33.78119pt
(typearea)              \oddsidemargin  = -5.01804pt
(typearea)             \paperheight     = 845.04694pt
(typearea)              \textheight     = 621.0pt
(typearea)              \topmargin      = -35.32254pt
(typearea)              \headheight     = 18.125pt
(typearea)              \headsep        = 21.75pt
(typearea)              \topskip        = 12.0pt
(typearea)              \footskip       = 50.75pt
(typearea)              \baselineskip   = 14.5pt
(typearea)              on input line 1213.
)
\c@part=\count80
\c@chapter=\count81
\c@section=\count82
\c@subsection=\count83
\c@subsubsection=\count84
\c@paragraph=\count85
\c@subparagraph=\count86
\abovecaptionskip=\skip45
\belowcaptionskip=\skip46
\c@pti@nb@sid@b@x=\box26
\c@figure=\count87
\c@table=\count88
\bibindent=\dimen102
) (/usr/share/texmf-dist/tex/latex/amsmath/amsmath.sty
Package: amsmath 2000/07/18 v2.13 AMS math features
\@mathmargin=\skip47

For additional information on amsmath, use the `?' option.
(/usr/share/texmf-dist/tex/latex/amsmath/amstext.sty
Package: amstext 2000/06/29 v2.01

(/usr/share/texmf-dist/tex/latex/amsmath/amsgen.sty
File: amsgen.sty 1999/11/30 v2.0
\@emptytoks=\toks15
\ex@=\dimen103
))
(/usr/share/texmf-dist/tex/latex/amsmath/amsbsy.sty
Package: amsbsy 1999/11/29 v1.2d
\pmbraise@=\dimen104
)
(/usr/share/texmf-dist/tex/latex/amsmath/amsopn.sty
Package: amsopn 1999/12/14 v2.01 operator names
)
\inf@bad=\count89
LaTeX Info: Redefining \frac on input line 211.
\uproot@=\count90
\leftroot@=\count91
LaTeX Info: Redefining \overline on input line 307.
\classnum@=\count92
\DOTSCASE@=\count93
LaTeX Info: Redefining \ldots on input line 379.
LaTeX Info: Redefining \dots on input line 382.
LaTeX Info: Redefining \cdots on input line 467.
\Mathstrutbox@=\box27
\strutbox@=\box28
\big@size=\dimen105
LaTeX Font Info:    Redeclaring font encoding OML on input line 567.
LaTeX Font Info:    Redeclaring font encoding OMS on input line 568.
\macc@depth=\count94
\c@MaxMatrixCols=\count95
\dotsspace@=\muskip10
\c@parentequation=\count96
\dspbrk@lvl=\count97
\tag@help=\toks16
\row@=\count98
\column@=\count99
\maxfields@=\count100
\andhelp@=\toks17
\eqnshift@=\dimen106
\alignsep@=\dimen107
\tagshift@=\dimen108
\tagwidth@=\dimen109
\totwidth@=\dimen110
\lineht@=\dimen111
\@envbody=\toks18
\multlinegap=\skip48
\multlinetaggap=\skip49
\mathdisplay@stack=\toks19
LaTeX Info: Redefining \[ on input line 2666.
LaTeX Info: Redefining \] on input line 2667.
)
(/usr/share/texmf-dist/tex/latex/amsfonts/amssymb.sty
Package: amssymb 2009/06/22 v3.00

(/usr/share/texmf-dist/tex/latex/amsfonts/amsfonts.sty
Package: amsfonts 2009/06/22 v3.00 Basic AMSFonts support
\symAMSa=\mathgroup4
\symAMSb=\mathgroup5
LaTeX Font Info:    Overwriting math alphabet `\mathfrak' in version `bold'
(Font)                  U/euf/m/n --> U/euf/b/n on input line 96.
))
(/usr/share/texmf-dist/tex/latex/amscls/amsthm.sty
Package: amsthm 2009/07/02 v2.20.1
\thm@style=\toks20
\thm@bodyfont=\toks21
\thm@headfont=\toks22
\thm@notefont=\toks23
\thm@headpunct=\toks24
\thm@preskip=\skip50
\thm@postskip=\skip51
\thm@headsep=\skip52
\dth@everypar=\toks25
)
(/usr/share/texmf/tex/latex/mathpartir.sty
Package: mathpartir 2005/12/20 version 1.2.0 Math Paragraph for Typesetting Inf
erence Rules
\mpr@andskip=\skip53
\mpr@lista=\toks26
\mpr@listb=\toks27
\mpr@hlist=\box29
\mpr@vlist=\box30
\mpr@right=\box31
)
(/usr/share/texmf-dist/tex/latex/pgf/frontendlayer/tikz.sty
(/usr/share/texmf-dist/tex/latex/pgf/basiclayer/pgf.sty
(/usr/share/texmf-dist/tex/latex/pgf/utilities/pgfrcs.sty
(/usr/share/texmf-dist/tex/generic/pgf/utilities/pgfutil-common.tex
\pgfutil@everybye=\toks28
)
(/usr/share/texmf-dist/tex/generic/pgf/utilities/pgfutil-latex.def
\pgfutil@abb=\box32

(/usr/share/texmf-dist/tex/latex/ms/everyshi.sty
Package: everyshi 2001/05/15 v3.00 EveryShipout Package (MS)
))
(/usr/share/texmf-dist/tex/generic/pgf/utilities/pgfrcs.code.tex
Package: pgfrcs 2010/10/25 v2.10 (rcs-revision 1.24)
))
Package: pgf 2008/01/15 v2.10 (rcs-revision 1.12)

(/usr/share/texmf-dist/tex/latex/pgf/basiclayer/pgfcore.sty
(/usr/share/texmf-dist/tex/latex/graphics/graphicx.sty
Package: graphicx 1999/02/16 v1.0f Enhanced LaTeX Graphics (DPC,SPQR)

(/usr/share/texmf-dist/tex/latex/graphics/graphics.sty
Package: graphics 2009/02/05 v1.0o Standard LaTeX Graphics (DPC,SPQR)

(/usr/share/texmf-dist/tex/latex/graphics/trig.sty
Package: trig 1999/03/16 v1.09 sin cos tan (DPC)
)
(/usr/share/texmf-dist/tex/latex/latexconfig/graphics.cfg
File: graphics.cfg 2010/04/23 v1.9 graphics configuration of TeX Live
)
Package graphics Info: Driver file: pdftex.def on input line 91.

(/usr/share/texmf-dist/tex/latex/pdftex-def/pdftex.def
File: pdftex.def 2011/05/27 v0.06d Graphics/color for pdfTeX

(/usr/share/texmf-dist/tex/generic/oberdiek/infwarerr.sty
Package: infwarerr 2010/04/08 v1.3 Providing info/warning/error messages (HO)
)
(/usr/share/texmf-dist/tex/generic/oberdiek/ltxcmds.sty
Package: ltxcmds 2011/11/09 v1.22 LaTeX kernel commands for general use (HO)
)
(/usr/share/texmf-dist/tex/generic/oberdiek/pdftexcmds.sty
Package: pdftexcmds 2011/11/29 v0.20 Utility functions of pdfTeX for LuaTeX (HO
)

(/usr/share/texmf-dist/tex/generic/oberdiek/ifluatex.sty
Package: ifluatex 2010/03/01 v1.3 Provides the ifluatex switch (HO)
Package ifluatex Info: LuaTeX detected.
)
(/usr/share/texmf-dist/tex/generic/oberdiek/ifpdf.sty
Package: ifpdf 2011/01/30 v2.3 Provides the ifpdf switch (HO)
Package ifpdf Info: pdfTeX in PDF mode is detected.
)
Package pdftexcmds Info: \pdf@primitive is available.
Package pdftexcmds Info: \pdf@ifprimitive is available.
Package pdftexcmds Info: \pdfdraftmode found.

(/usr/share/texmf-dist/tex/generic/oberdiek/luatex-loader.sty
Package: luatex-loader 2010/03/09 v0.4 Lua module loader (HO)

(/usr/share/texmf-dist/scripts/oberdiek/oberdiek.luatex.lua))
\pdftexcmds@toks=\toks29
)
\Gread@gobject=\count101
))
\Gin@req@height=\dimen112
\Gin@req@width=\dimen113
)
(/usr/share/texmf-dist/tex/latex/pgf/systemlayer/pgfsys.sty
(/usr/share/texmf-dist/tex/generic/pgf/systemlayer/pgfsys.code.tex
Package: pgfsys 2010/06/30 v2.10 (rcs-revision 1.37)

(/usr/share/texmf-dist/tex/generic/pgf/utilities/pgfkeys.code.tex
\pgfkeys@pathtoks=\toks30
\pgfkeys@temptoks=\toks31

(/usr/share/texmf-dist/tex/generic/pgf/utilities/pgfkeysfiltered.code.tex
\pgfkeys@tmptoks=\toks32
))
\pgf@x=\dimen114
\pgf@y=\dimen115
\pgf@xa=\dimen116
\pgf@ya=\dimen117
\pgf@xb=\dimen118
\pgf@yb=\dimen119
\pgf@xc=\dimen120
\pgf@yc=\dimen121
\w@pgf@writea=\write3
\r@pgf@reada=\read1
\c@pgf@counta=\count102
\c@pgf@countb=\count103
\c@pgf@countc=\count104
\c@pgf@countd=\count105

(/usr/share/texmf-dist/tex/generic/pgf/systemlayer/pgf.cfg
File: pgf.cfg 2008/05/14  (rcs-revision 1.7)
)
Package pgfsys Info: Driver file for pgf: pgfsys-pdftex.def on input line 900.

(/usr/share/texmf-dist/tex/generic/pgf/systemlayer/pgfsys-pdftex.def
File: pgfsys-pdftex.def 2009/05/22  (rcs-revision 1.26)

(/usr/share/texmf-dist/tex/generic/pgf/systemlayer/pgfsys-common-pdf.def
File: pgfsys-common-pdf.def 2008/05/19  (rcs-revision 1.10)
)))
(/usr/share/texmf-dist/tex/generic/pgf/systemlayer/pgfsyssoftpath.code.tex
File: pgfsyssoftpath.code.tex 2008/07/18  (rcs-revision 1.7)
\pgfsyssoftpath@smallbuffer@items=\count106
\pgfsyssoftpath@bigbuffer@items=\count107
)
(/usr/share/texmf-dist/tex/generic/pgf/systemlayer/pgfsysprotocol.code.tex
File: pgfsysprotocol.code.tex 2006/10/16  (rcs-revision 1.4)
))
(/usr/share/texmf-dist/tex/latex/xcolor/xcolor.sty
Package: xcolor 2007/01/21 v2.11 LaTeX color extensions (UK)

(/usr/share/texmf-dist/tex/latex/latexconfig/color.cfg
File: color.cfg 2007/01/18 v1.5 color configuration of teTeX/TeXLive
)
Package xcolor Info: Driver file: pdftex.def on input line 225.
Package xcolor Info: Model `cmy' substituted by `cmy0' on input line 1337.
Package xcolor Info: Model `hsb' substituted by `rgb' on input line 1341.
Package xcolor Info: Model `RGB' extended on input line 1353.
Package xcolor Info: Model `HTML' substituted by `rgb' on input line 1355.
Package xcolor Info: Model `Hsb' substituted by `hsb' on input line 1356.
Package xcolor Info: Model `tHsb' substituted by `hsb' on input line 1357.
Package xcolor Info: Model `HSB' substituted by `hsb' on input line 1358.
Package xcolor Info: Model `Gray' substituted by `gray' on input line 1359.
Package xcolor Info: Model `wave' substituted by `hsb' on input line 1360.
)
(/usr/share/texmf-dist/tex/generic/pgf/basiclayer/pgfcore.code.tex
Package: pgfcore 2010/04/11 v2.10 (rcs-revision 1.7)

(/usr/share/texmf-dist/tex/generic/pgf/math/pgfmath.code.tex
(/usr/share/texmf-dist/tex/generic/pgf/math/pgfmathcalc.code.tex
(/usr/share/texmf-dist/tex/generic/pgf/math/pgfmathutil.code.tex)
(/usr/share/texmf-dist/tex/generic/pgf/math/pgfmathparser.code.tex
\pgfmath@dimen=\dimen122
\pgfmath@count=\count108
\pgfmath@box=\box33
\pgfmath@toks=\toks33
\pgfmath@stack@operand=\toks34
\pgfmath@stack@operation=\toks35
)
(/usr/share/texmf-dist/tex/generic/pgf/math/pgfmathfunctions.code.tex
(/usr/share/texmf-dist/tex/generic/pgf/math/pgfmathfunctions.basic.code.tex)
(/usr/share/texmf-dist/tex/generic/pgf/math/pgfmathfunctions.trigonometric.code
.tex)
(/usr/share/texmf-dist/tex/generic/pgf/math/pgfmathfunctions.random.code.tex)
(/usr/share/texmf-dist/tex/generic/pgf/math/pgfmathfunctions.comparison.code.te
x) (/usr/share/texmf-dist/tex/generic/pgf/math/pgfmathfunctions.base.code.tex)
(/usr/share/texmf-dist/tex/generic/pgf/math/pgfmathfunctions.round.code.tex)
(/usr/share/texmf-dist/tex/generic/pgf/math/pgfmathfunctions.misc.code.tex)))
(/usr/share/texmf-dist/tex/generic/pgf/math/pgfmathfloat.code.tex
\c@pgfmathroundto@lastzeros=\count109
))
(/usr/share/texmf-dist/tex/generic/pgf/basiclayer/pgfcorepoints.code.tex
File: pgfcorepoints.code.tex 2010/04/09  (rcs-revision 1.20)
\pgf@picminx=\dimen123
\pgf@picmaxx=\dimen124
\pgf@picminy=\dimen125
\pgf@picmaxy=\dimen126
\pgf@pathminx=\dimen127
\pgf@pathmaxx=\dimen128
\pgf@pathminy=\dimen129
\pgf@pathmaxy=\dimen130
\pgf@xx=\dimen131
\pgf@xy=\dimen132
\pgf@yx=\dimen133
\pgf@yy=\dimen134
\pgf@zx=\dimen135
\pgf@zy=\dimen136
)
(/usr/share/texmf-dist/tex/generic/pgf/basiclayer/pgfcorepathconstruct.code.tex
File: pgfcorepathconstruct.code.tex 2010/08/03  (rcs-revision 1.24)
\pgf@path@lastx=\dimen137
\pgf@path@lasty=\dimen138
) (/usr/share/texmf-dist/tex/generic/pgf/basiclayer/pgfcorepathusage.code.tex
File: pgfcorepathusage.code.tex 2008/04/22  (rcs-revision 1.12)
\pgf@shorten@end@additional=\dimen139
\pgf@shorten@start@additional=\dimen140
)
(/usr/share/texmf-dist/tex/generic/pgf/basiclayer/pgfcorescopes.code.tex
File: pgfcorescopes.code.tex 2010/09/08  (rcs-revision 1.34)
\pgfpic=\box34
\pgf@hbox=\box35
\pgf@layerbox@main=\box36
\pgf@picture@serial@count=\count110
)
(/usr/share/texmf-dist/tex/generic/pgf/basiclayer/pgfcoregraphicstate.code.tex
File: pgfcoregraphicstate.code.tex 2008/04/22  (rcs-revision 1.9)
\pgflinewidth=\dimen141
)
(/usr/share/texmf-dist/tex/generic/pgf/basiclayer/pgfcoretransformations.code.t
ex
File: pgfcoretransformations.code.tex 2009/06/10  (rcs-revision 1.11)
\pgf@pt@x=\dimen142
\pgf@pt@y=\dimen143
\pgf@pt@temp=\dimen144
) (/usr/share/texmf-dist/tex/generic/pgf/basiclayer/pgfcorequick.code.tex
File: pgfcorequick.code.tex 2008/10/09  (rcs-revision 1.3)
)
(/usr/share/texmf-dist/tex/generic/pgf/basiclayer/pgfcoreobjects.code.tex
File: pgfcoreobjects.code.tex 2006/10/11  (rcs-revision 1.2)
)
(/usr/share/texmf-dist/tex/generic/pgf/basiclayer/pgfcorepathprocessing.code.te
x
File: pgfcorepathprocessing.code.tex 2008/10/09  (rcs-revision 1.8)
) (/usr/share/texmf-dist/tex/generic/pgf/basiclayer/pgfcorearrows.code.tex
File: pgfcorearrows.code.tex 2008/04/23  (rcs-revision 1.11)
)
(/usr/share/texmf-dist/tex/generic/pgf/basiclayer/pgfcoreshade.code.tex
File: pgfcoreshade.code.tex 2008/11/23  (rcs-revision 1.13)
\pgf@max=\dimen145
\pgf@sys@shading@range@num=\count111
)
(/usr/share/texmf-dist/tex/generic/pgf/basiclayer/pgfcoreimage.code.tex
File: pgfcoreimage.code.tex 2010/03/25  (rcs-revision 1.16)

(/usr/share/texmf-dist/tex/generic/pgf/basiclayer/pgfcoreexternal.code.tex
File: pgfcoreexternal.code.tex 2010/09/01  (rcs-revision 1.17)
\pgfexternal@startupbox=\box37
))
(/usr/share/texmf-dist/tex/generic/pgf/basiclayer/pgfcorelayers.code.tex
File: pgfcorelayers.code.tex 2010/08/27  (rcs-revision 1.2)
)
(/usr/share/texmf-dist/tex/generic/pgf/basiclayer/pgfcoretransparency.code.tex
File: pgfcoretransparency.code.tex 2008/01/17  (rcs-revision 1.2)
) (/usr/share/texmf-dist/tex/generic/pgf/basiclayer/pgfcorepatterns.code.tex
File: pgfcorepatterns.code.tex 2009/07/02  (rcs-revision 1.3)
)))
(/usr/share/texmf-dist/tex/generic/pgf/modules/pgfmoduleshapes.code.tex
File: pgfmoduleshapes.code.tex 2010/09/09  (rcs-revision 1.13)
\pgfnodeparttextbox=\box38
)
(/usr/share/texmf-dist/tex/generic/pgf/modules/pgfmoduleplot.code.tex
File: pgfmoduleplot.code.tex 2010/10/22  (rcs-revision 1.8)
)
(/usr/share/texmf-dist/tex/latex/pgf/compatibility/pgfcomp-version-0-65.sty
Package: pgfcomp-version-0-65 2007/07/03 v2.10 (rcs-revision 1.7)
\pgf@nodesepstart=\dimen146
\pgf@nodesepend=\dimen147
)
(/usr/share/texmf-dist/tex/latex/pgf/compatibility/pgfcomp-version-1-18.sty
Package: pgfcomp-version-1-18 2007/07/23 v2.10 (rcs-revision 1.1)
))
(/usr/share/texmf-dist/tex/latex/pgf/utilities/pgffor.sty
(/usr/share/texmf-dist/tex/latex/pgf/utilities/pgfkeys.sty
(/usr/share/texmf-dist/tex/generic/pgf/utilities/pgfkeys.code.tex))
(/usr/share/texmf-dist/tex/generic/pgf/utilities/pgffor.code.tex
Package: pgffor 2010/03/23 v2.10 (rcs-revision 1.18)
\pgffor@iter=\dimen148
\pgffor@skip=\dimen149
\pgffor@stack=\toks36
\pgffor@toks=\toks37
))
(/usr/share/texmf-dist/tex/generic/pgf/frontendlayer/tikz/tikz.code.tex
Package: tikz 2010/10/13 v2.10 (rcs-revision 1.76)

(/usr/share/texmf-dist/tex/generic/pgf/libraries/pgflibraryplothandlers.code.te
x
File: pgflibraryplothandlers.code.tex 2010/05/31 v2.10 (rcs-revision 1.15)
\pgf@plot@mark@count=\count112
\pgfplotmarksize=\dimen150
)
\tikz@lastx=\dimen151
\tikz@lasty=\dimen152
\tikz@lastxsaved=\dimen153
\tikz@lastysaved=\dimen154
\tikzleveldistance=\dimen155
\tikzsiblingdistance=\dimen156
\tikz@figbox=\box39
\tikz@tempbox=\box40
\tikztreelevel=\count113
\tikznumberofchildren=\count114
\tikznumberofcurrentchild=\count115
\tikz@fig@count=\count116
 (/usr/share/texmf-dist/tex/generic/pgf/modules/pgfmodulematrix.code.tex
File: pgfmodulematrix.code.tex 2010/08/24  (rcs-revision 1.4)
\pgfmatrixcurrentrow=\count117
\pgfmatrixcurrentcolumn=\count118
\pgf@matrix@numberofcolumns=\count119
)
\tikz@expandcount=\count120

(/usr/share/texmf-dist/tex/generic/pgf/frontendlayer/tikz/libraries/tikzlibrary
topaths.code.tex
File: tikzlibrarytopaths.code.tex 2008/06/17 v2.10 (rcs-revision 1.2)
)))
(/usr/share/texmf-dist/tex/generic/pgf/frontendlayer/tikz/libraries/tikzlibrary
trees.code.tex
File: tikzlibrarytrees.code.tex 2008/02/24 v2.10 (rcs-revision 1.2)
) (/usr/share/texmf-dist/tex/lualatex/luatextra/luatextra.sty
Package: luatextra 2010/10/10 v1.0 Loading usual LuaLaTeX packages

(/usr/share/texmf-dist/tex/latex/fontspec/fontspec.sty
Package: fontspec 2012/05/06 v2.2b Advanced font selection for XeLaTeX/LuaLaTeX


(/usr/share/texmf-dist/tex/latex/l3kernel/expl3.sty
(/usr/share/texmf-dist/tex/latex/l3kernel/l3names.sty
(/usr/share/texmf-dist/tex/latex/l3kernel/l3bootstrap.sty
Package: l3bootstrap 2012/07/16 v3991 L3 Experimental bootstrap code

(/usr/share/texmf-dist/tex/generic/oberdiek/luatex.sty
Package: luatex 2010/03/09 v0.4 LuaTeX basic definition package (HO)

(/usr/share/texmf-dist/tex/latex/etex-pkg/etex.sty
Package: etex 1998/03/26 v2.0 eTeX basic definition package (PEB)
\et@xins=\count121
)
\LuT@AllocAttribute=\count277
\LuT@AllocCatcodeTable=\count278
\CatcodeTableStack=\count279
\CatcodeTableIniTeX=\catcodetable1
\CatcodeTableString=\catcodetable3
\CatcodeTableOther=\catcodetable5
\CatcodeTableLaTeX=\catcodetable7
))
Package: l3names 2012/09/24 v4230 L3 Namespace for primitives
)
Package: expl3 2012/09/29 v4249 L3 Experimental code bundle wrapper

(/usr/share/texmf-dist/tex/latex/l3kernel/l3basics.sty
Package: l3basics 2012/09/09 v4212 L3 Basic definitions
)
(/usr/share/texmf-dist/tex/latex/l3kernel/l3expan.sty
Package: l3expan 2012/08/28 v4149 L3 Argument expansion
)
(/usr/share/texmf-dist/tex/latex/l3kernel/l3tl.sty
Package: l3tl 2012/09/28 v4244 L3 Token lists
)
(/usr/share/texmf-dist/tex/latex/l3kernel/l3seq.sty
Package: l3seq 2012/09/09 v4212 L3 Sequences and stacks
)
(/usr/share/texmf-dist/tex/latex/l3kernel/l3int.sty
Package: l3int 2012/09/26 v4237 L3 Integers
\c_max_int=\count280
\l_tmpa_int=\count281
\l_tmpb_int=\count282
\g_tmpa_int=\count283
\g_tmpb_int=\count284
\l_tmpc_int=\count285
)
(/usr/share/texmf-dist/tex/latex/l3kernel/l3quark.sty
Package: l3quark 2012/08/08 v4065 L3 Quarks
)
(/usr/share/texmf-dist/tex/latex/l3kernel/l3prg.sty
Package: l3prg 2012/09/09 v4212 L3 Control structures
\g__prg_map_int=\count286
)
(/usr/share/texmf-dist/tex/latex/l3kernel/l3clist.sty
Package: l3clist 2012/09/09 v4212 L3 Comma separated lists
)
(/usr/share/texmf-dist/tex/latex/l3kernel/l3token.sty
Package: l3token 2012/08/08 v4069 L3 Experimental token manipulation
)
(/usr/share/texmf-dist/tex/latex/l3kernel/l3prop.sty
Package: l3prop 2012/09/09 v4212 L3 Property lists
)
(/usr/share/texmf-dist/tex/latex/l3kernel/l3msg.sty
Package: l3msg 2012/09/09 v4212 L3 Messages
)
(/usr/share/texmf-dist/tex/latex/l3kernel/l3file.sty
Package: l3file 2012/09/09 v4212 L3 File and I/O operations
\l__ior_stream_int=\count287
\l_iow_line_count_int=\count288
\l__iow_target_count_int=\count289
\l__iow_current_line_int=\count290
\l__iow_current_word_int=\count291
\l__iow_current_indentation_int=\count292
)
(/usr/share/texmf-dist/tex/latex/l3kernel/l3skip.sty
Package: l3skip 2012/09/26 v4235 L3 Dimensions and skips
\l_tmpa_dim=\dimen256
\l_tmpb_dim=\dimen257
\g_tmpa_dim=\dimen258
\g_tmpb_dim=\dimen259
\l_tmpa_skip=\skip256
\l_tmpb_skip=\skip257
\g_tmpa_skip=\skip258
\g_tmpb_skip=\skip259
\c_zero_muskip=\muskip11
\c_max_muskip=\muskip12
\l_tmpa_muskip=\muskip13
\l_tmpb_muskip=\muskip14
\g_tmpa_muskip=\muskip15
\g_tmpb_muskip=\muskip16
)
(/usr/share/texmf-dist/tex/latex/l3kernel/l3keys.sty
Package: l3keys 2012/09/29 v4248 L3 Experimental key-value interfaces
\g__keyval_level_int=\count293
\l_keys_choice_int=\count294
)
(/usr/share/texmf-dist/tex/latex/l3kernel/l3fp.sty
Package: l3fp 2012/09/26 v4234 L3 Floating points
\c__fp_leading_shift_int=\count295
\c__fp_middle_shift_int=\count296
\c__fp_trailing_shift_int=\count297
\c__fp_big_leading_shift_int=\count298
\c__fp_big_middle_shift_int=\count299
\c__fp_big_trailing_shift_int=\count300
\c__fp_Bigg_leading_shift_int=\count301
\c__fp_Bigg_middle_shift_int=\count302
\c__fp_Bigg_trailing_shift_int=\count303
)
(/usr/share/texmf-dist/tex/latex/l3kernel/l3box.sty
Package: l3box 2012/07/16 v3991 L3 Experimental boxes
\l_tmpb_box=\box256
\g_tmpa_box=\box257
\g_tmpb_box=\box258
)
(/usr/share/texmf-dist/tex/latex/l3kernel/l3coffins.sty
Package: l3coffins 2012/09/09 v4212 L3 Coffin code layer
\l__coffin_internal_box=\box259
\l__coffin_internal_dim=\dimen260
\l__coffin_offset_x_dim=\dimen261
\l__coffin_offset_y_dim=\dimen262
\l__coffin_x_dim=\dimen263
\l__coffin_y_dim=\dimen264
\l__coffin_x_prime_dim=\dimen265
\l__coffin_y_prime_dim=\dimen266
\c_empty_coffin=\box260
\l__coffin_aligned_coffin=\box261
\l__coffin_aligned_internal_coffin=\box262
\l_tmpa_coffin=\box263
\l_tmpb_coffin=\box264
\l__coffin_display_coffin=\box265
\l__coffin_display_coord_coffin=\box266
\l__coffin_display_pole_coffin=\box267
\l__coffin_display_offset_dim=\dimen267
\l__coffin_display_x_dim=\dimen268
\l__coffin_display_y_dim=\dimen269
)
(/usr/share/texmf-dist/tex/latex/l3kernel/l3color.sty
Package: l3color 2012/08/29 v4156 L3 Experimental color support
)
(/usr/share/texmf-dist/tex/latex/l3kernel/l3luatex.sty
Package: l3luatex 2012/08/03 v4049 L3 Experimental LuaTeX-specific functions
\g__cctab_allocate_int=\count304
\g__cctab_stack_int=\count305
\c_code_cctab=\catcodetable9
)
(/usr/share/texmf-dist/tex/latex/l3kernel/l3candidates.sty
Package: l3candidates 2012/05/12 v3633 L3 Experimental additions to l3kernel
\l__box_top_dim=\dimen270
\l__box_bottom_dim=\dimen271
\l__box_left_dim=\dimen272
\l__box_right_dim=\dimen273
\l__box_top_new_dim=\dimen274
\l__box_bottom_new_dim=\dimen275
\l__box_left_new_dim=\dimen276
\l__box_right_new_dim=\dimen277
\l__box_internal_box=\box268
\l__coffin_bounding_shift_dim=\dimen278
\l__coffin_left_corner_dim=\dimen279
\l__coffin_right_corner_dim=\dimen280
\l__coffin_bottom_corner_dim=\dimen281
\l__coffin_top_corner_dim=\dimen282
\l__coffin_scaled_total_height_dim=\dimen283
\l__coffin_scaled_width_dim=\dimen284
))
(/usr/share/texmf-dist/tex/latex/l3packages/xparse/xparse.sty
Package: xparse 2012/09/29 v4249 L3 Experimental document command parser
\l__xparse_current_arg_int=\count306
\l__xparse_m_args_int=\count307
\l__xparse_mandatory_args_int=\count308
\l__xparse_processor_int=\count309
\l__xparse_v_nesting_int=\count310
)
(/usr/share/texmf-dist/tex/luatex/luaotfload/luaotfload.sty
Package: luaotfload 2012/05/28 v1.27 OpenType layout system

(/usr/share/texmf-dist/tex/luatex/luatexbase/luatexbase.sty
Package: luatexbase 2010/10/06 v0.3 Module utilities for LuaTeX

(/usr/share/texmf-dist/tex/luatex/luatexbase/luatexbase-compat.sty
Package: luatexbase-compat 2010/10/10 v0.3 Compatibility tools for LuaTeX
)
(/usr/share/texmf-dist/tex/luatex/luatexbase/luatexbase-loader.sty
Package: luatexbase-loader 2010/10/10 v0.3 Lua module loader for LuaTeX

(/usr/share/texmf-dist/tex/luatex/luatexbase/luatexbase.loader.lua))
(/usr/share/texmf-dist/tex/luatex/luatexbase/luatexbase-regs.sty
Package: luatexbase-regs 2010/10/10 v0.3 Registers allocation for LuaTeX
)
(/usr/share/texmf-dist/tex/luatex/luatexbase/luatexbase-attr.sty
Package: luatexbase-attr 2011/05/21 v0.31 Attributes allocation for LuaTeX

(/usr/share/texmf-dist/tex/luatex/luatexbase/attr.lua))
(/usr/share/texmf-dist/tex/luatex/luatexbase/luatexbase-cctb.sty
Package: luatexbase-cctb 2010/10/10 v0.3 Catcodetable allocation for LuaTeX

(/usr/share/texmf-dist/tex/luatex/luatexbase/cctb.lua)
\lltxb@catcodetable@alloc=\count311
\CatcodeTableIniTeX=\luatexcatcodetable1
\CatcodeTableString=\luatexcatcodetable3
\CatcodeTableOther=\luatexcatcodetable5
\CatcodeTableLaTeX=\luatexcatcodetable7
\CatcodeTableLaTeXAtLetter=\luatexcatcodetable9
\CatcodeTableExpl=\luatexcatcodetable11
)
(/usr/share/texmf-dist/tex/luatex/luatexbase/luatexbase-mcb.sty
Package: luatexbase-mcb 2010/10/10 v0.3 Callback management for LuaTeX

(/usr/share/texmf-dist/tex/luatex/luatexbase/luatexbase-modutils.sty
Package: luatexbase-modutils 2010/10/10 v0.3 Module utilities for LuaTeX

(/usr/share/texmf-dist/tex/luatex/luatexbase/modutils.lua))
(/usr/share/texmf-dist/tex/luatex/luatexbase/mcb.lua)
Lua module: luatexbase-mcb 2010/05/12 0.2 register several functions in a callb
ack
))
(/usr/share/texmf-dist/tex/luatex/lualibs/lualibs.lua)
Lua module: lualibs 2011/01/20 0.96 Lua additional functions.

(/usr/share/texmf-dist/tex/luatex/lualibs/lualibs-string.lua)
(/usr/share/texmf-dist/tex/luatex/lualibs/lualibs-lpeg.lua)
(/usr/share/texmf-dist/tex/luatex/lualibs/lualibs-boolean.lua)
(/usr/share/texmf-dist/tex/luatex/lualibs/lualibs-number.lua)
(/usr/share/texmf-dist/tex/luatex/lualibs/lualibs-math.lua)
(/usr/share/texmf-dist/tex/luatex/lualibs/lualibs-table.lua)
(/usr/share/texmf-dist/tex/luatex/lualibs/lualibs-aux.lua)
(/usr/share/texmf-dist/tex/luatex/lualibs/lualibs-io.lua)
(/usr/share/texmf-dist/tex/luatex/lualibs/lualibs-os.lua)
(/usr/share/texmf-dist/tex/luatex/lualibs/lualibs-file.lua)
(/usr/share/texmf-dist/tex/luatex/lualibs/lualibs-md5.lua)
(/usr/share/texmf-dist/tex/luatex/lualibs/lualibs-dir.lua)
(/usr/share/texmf-dist/tex/luatex/lualibs/lualibs-unicode.lua)
(/usr/share/texmf-dist/tex/luatex/lualibs/lualibs-utils.lua)
(/usr/share/texmf-dist/tex/luatex/lualibs/lualibs-dimen.lua)
(/usr/share/texmf-dist/tex/luatex/lualibs/lualibs-url.lua)
(/usr/share/texmf-dist/tex/luatex/lualibs/lualibs-set.lua)
(/usr/share/texmf-dist/tex/luatex/luaotfload/luaotfload.lua)
Lua module: luaotfload 2012/05/28 1.27 OpenType layout system.
luaotfload: loading file /usr/share/texmf-dist/tex/luatex/luaotfload/otfl-luat-
dum.lua.(using cache: /home/philipp/.texlive/texmf-var/luatex-cache/generic)
luaotfload: loading file /usr/share/texmf-dist/tex/luatex/luaotfload/otfl-luat-
ovr.lua.
luaotfload: loading file /usr/share/texmf-dist/tex/luatex/luaotfload/otfl-data-
con.lua.
luaotfload: loading file /usr/share/texmf-dist/tex/luatex/luaotfload/otfl-font-
ini.lua.
luaotfload: loading file /usr/share/texmf-dist/tex/luatex/luaotfload/otfl-node-
dum.lua.
luaotfload: loading file /usr/share/texmf-dist/tex/luatex/luaotfload/otfl-node-
inj.lua.
luaotfload: loading file /usr/share/texmf-dist/tex/luatex/luaotfload/otfl-font-
tfm.lua.
luatexbase.attributes["otfl@state"] = 1
luaotfload: loading file /usr/share/texmf-dist/tex/luatex/luaotfload/otfl-font-
cid.lua.
luaotfload: loading file /usr/share/texmf-dist/tex/luatex/luaotfload/otfl-font-
ott.lua.
luaotfload: loading file /usr/share/texmf-dist/tex/luatex/luaotfload/otfl-font-
map.lua.
luaotfload: loading file /usr/share/texmf-dist/tex/luatex/luaotfload/otfl-font-
otf.lua.
luaotfload: loading file /usr/share/texmf-dist/tex/luatex/luaotfload/otfl-font-
otd.lua.
luaotfload: loading file /usr/share/texmf-dist/tex/luatex/luaotfload/otfl-font-
oti.lua.
luaotfload: loading file /usr/share/texmf-dist/tex/luatex/luaotfload/otfl-font-
otb.lua.
luaotfload: loading file /usr/share/texmf-dist/tex/luatex/luaotfload/otfl-font-
otn.lua.
luatexbase.attributes["otfl@markbase"] = 2
luatexbase.attributes["otfl@markmark"] = 3
luatexbase.attributes["otfl@markdone"] = 4
luatexbase.attributes["otfl@cursbase"] = 5
luatexbase.attributes["otfl@curscurs"] = 6
luatexbase.attributes["otfl@cursdone"] = 7
luatexbase.attributes["otfl@kernpair"] = 8
luaotfload: loading file /usr/share/texmf-dist/tex/luatex/luaotfload/otfl-font-
ota.lua.
luaotfload: loading file /usr/share/texmf-dist/tex/luatex/luaotfload/otfl-font-
otc.lua.
luaotfload: loading file /usr/share/texmf-dist/tex/luatex/luaotfload/otfl-font-
def.lua.
luaotfload: loading file /usr/share/texmf-dist/tex/luatex/luaotfload/otfl-font-
xtx.lua.
luaotfload: loading file /usr/share/texmf-dist/tex/luatex/luaotfload/otfl-font-
dum.lua.
luaotfload: loading file /usr/share/texmf-dist/tex/luatex/luaotfload/otfl-font-
nms.lua.
luaotfload: loading file /usr/share/texmf-dist/tex/luatex/luaotfload/otfl-font-
clr.lua.
Module luatexbase-mcb info: creating 'luaotfload.patch_font' type 4
Module luatexbase-mcb info: inserting 'luaotfload.pre_linebreak_filter'
(luatexbase-mcb)            at position 1 in 'pre_linebreak_filter'
Module luatexbase-mcb info: inserting 'luaotfload.hpack_filter'
(luatexbase-mcb)            at position 1 in 'hpack_filter'
Module luatexbase-mcb info: resetting callback 'define_font'
Module luatexbase-mcb info: inserting 'luaotfload.define_font'
(luatexbase-mcb)            at position 1 in 'define_font'
Module luatexbase-mcb info: inserting 'luaotfload.find_vf_file'
(luatexbase-mcb)            at position 1 in 'find_vf_file'
Module luatexbase-mcb info: inserting 'unicodemath.set_sscale_diments'
(luatexbase-mcb)            at position 1 in 'luaotfload.patch_font'
)
(/usr/share/texmf-dist/tex/latex/fontspec/fontspec.lua)
Lua module: fontspec 2009/12/04 2 Advanced font selection for LuaLaTeX.

Module luatexbase-mcb info: inserting 'fontspec.set_capheight'
(luatexbase-mcb)            at position 2 in 'luaotfload.patch_font'
\l_fontspec_script_int=\count312
\l_fontspec_language_int=\count313
\l_fontspec_strnum_int=\count314
\l_fontspec_tmpa_dim=\dimen285
\l_fontspec_tmpb_dim=\dimen286
\l_fontspec_tmpc_dim=\dimen287
Variant \tl_gset:cV already defined; not changing it on line 66
(/usr/share/texmf-dist/tex/latex/fontspec/fontspec-patches.sty
Package: fontspec-patches 2012/05/06 v2.2b Advanced font selection for XeLaTeX/
LuaLaTeX

(/usr/share/texmf-dist/tex/latex/base/fixltx2e.sty
Package: fixltx2e 2006/09/13 v1.1m fixes to LaTeX
LaTeX Info: Redefining \em on input line 420.
LaTeX Info: Redefining \textsubscript on input line 424.
LaTeX Info: The control sequence `\[' is already robust on input line 471.
LaTeX Info: The control sequence `\]' is already robust on input line 472.
)
LaTeX Info: Redefining \em on input line 22.
LaTeX Info: Redefining \emph on input line 29.
LaTeX Info: Redefining \- on input line 32.

*************************************************
* LaTeX warning: "xparse/redefine-command"
* 
* Redefining document command \oldstylenums with arg. spec. 'm' on line 107.
*************************************************
.................................................
. LaTeX info: "xparse/define-command"
. 
. Defining document command \liningnums with arg. spec. 'm' on line 111.
.................................................
) (/usr/share/texmf-dist/tex/latex/fontspec/fontspec-luatex.sty
Package: fontspec-luatex 2012/05/06 v2.2b Advanced font selection for XeLaTeX/L
uaLaTeX

(/usr/share/texmf-dist/tex/latex/base/fontenc.sty
Package: fontenc 2005/09/27 v1.99g Standard LaTeX package

(/usr/share/texmf-dist/tex/latex/euenc/eu2enc.def
File: eu2enc.def 2010/05/27 v0.1h Experimental Unicode font encodings
)
LaTeX Font Info:    Try loading font information for EU2+lmr on input line 100.


(/usr/share/texmf-dist/tex/latex/euenc/eu2lmr.fd
File: eu2lmr.fd 2009/10/30 v1.6 Font defs for Latin Modern
)
luaotfload | load font: auto-selecting default features for script: dflt (was l
atn)(load: /home/philipp/.texlive/texmf-var/luatex-cache/generic/fonts/otf/temp
-lmroman10-regular.lua))
(/usr/share/texmf-dist/tex/xelatex/xunicode/xunicode.sty
File: xunicode.sty 2011/09/09 v0.981 provides access to latin accents and many 
other characters in Unicode lower plane

(/usr/share/texmf-dist/tex/latex/tipa/t3enc.def
File: t3enc.def 2001/12/31 T3 encoding
luaotfload | load font: auto-selecting default features for script: dflt (was l
atn)(load: /home/philipp/.texlive/texmf-var/luatex-cache/generic/fonts/otf/temp
-lmromanslant10-regular.lua)
luaotfload | load font: auto-selecting default features for script: dflt (was l
atn)(load: /home/philipp/.texlive/texmf-var/luatex-cache/generic/fonts/otf/temp
-lmroman10-italic.lua)
luaotfload | load font: auto-selecting default features for script: dflt (was l
atn)(load: /home/philipp/.texlive/texmf-var/luatex-cache/generic/fonts/otf/temp
-lmroman10-bold.lua)
LaTeX Font Info:    Try loading font information for EU2+lmss on input line 357
.
 (/usr/share/texmf-dist/tex/latex/euenc/eu2lmss.fd
File: eu2lmss.fd 2009/10/30 v1.6 Font defs for Latin Modern
)
luaotfload | load font: auto-selecting default features for script: dflt (was l
atn)(load: /home/philipp/.texlive/texmf-var/luatex-cache/generic/fonts/otf/temp
-lmsans10-regular.lua))
\tipaTiiicode=\count315
\tipasavetokens=\toks38
\tipachecktokens=\toks39
)
.................................................
. LaTeX info: "xparse/define-command"
. 
. Defining document command \fontspec with arg. spec. 'O{}m' on line 42.
.................................................
.................................................
. LaTeX info: "xparse/define-command"
. 
. Defining document command \setmainfont with arg. spec. 'O{}m' on line 46.
.................................................
.................................................
. LaTeX info: "xparse/define-command"
. 
. Defining document command \setsansfont with arg. spec. 'O{}m' on line 50.
.................................................
.................................................
. LaTeX info: "xparse/define-command"
. 
. Defining document command \setmonofont with arg. spec. 'O{}m' on line 54.
.................................................
.................................................
. LaTeX info: "xparse/define-command"
. 
. Defining document command \setmathrm with arg. spec. 'O{}m' on line 62.
.................................................
.................................................
. LaTeX info: "xparse/define-command"
. 
. Defining document command \setboldmathrm with arg. spec. 'O{}m' on line 65.
.................................................
.................................................
. LaTeX info: "xparse/define-command"
. 
. Defining document command \setmathsf with arg. spec. 'O{}m' on line 68.
.................................................
.................................................
. LaTeX info: "xparse/define-command"
. 
. Defining document command \setmathtt with arg. spec. 'O{}m' on line 71.
.................................................
.................................................
. LaTeX info: "xparse/define-command"
. 
. Defining document command \newfontfamily with arg. spec. 'mO{}m' on line 87.
.................................................
.................................................
. LaTeX info: "xparse/define-command"
. 
. Defining document command \newfontface with arg. spec. 'mO{}m' on line 90.
.................................................
.................................................
. LaTeX info: "xparse/define-command"
. 
. Defining document command \defaultfontfeatures with arg. spec. 'm' on line
. 94.
.................................................
.................................................
. LaTeX info: "xparse/define-command"
. 
. Defining document command \addfontfeatures with arg. spec. 'm' on line 110.
.................................................
.................................................
. LaTeX info: "xparse/define-command"
. 
. Defining document command \newfontfeature with arg. spec. 'mm' on line 121.
.................................................
.................................................
. LaTeX info: "xparse/define-command"
. 
. Defining document command \newAATfeature with arg. spec. 'mmmm' on line 128.
.................................................
.................................................
. LaTeX info: "xparse/define-command"
. 
. Defining document command \newICUfeature with arg. spec. 'mmm' on line 135.
.................................................
.................................................
. LaTeX info: "xparse/define-command"
. 
. Defining document command \aliasfontfeature with arg. spec. 'mm' on line
. 162.
.................................................
.................................................
. LaTeX info: "xparse/define-command"
. 
. Defining document command \aliasfontfeatureoption with arg. spec. 'mmm' on
. line 167.
.................................................
.................................................
. LaTeX info: "xparse/define-command"
. 
. Defining document command \newfontscript with arg. spec. 'mm' on line 172.
.................................................
.................................................
. LaTeX info: "xparse/define-command"
. 
. Defining document command \newfontlanguage with arg. spec. 'mm' on line 195.
.................................................
.................................................
. LaTeX info: "xparse/define-command"
. 
. Defining document command \DeclareFontsExtensions with arg. spec. 'm' on
. line 214.
.................................................
Variant \prop_gput:cnV already defined; not changing it on line 489
Variant \prop_gput:cnx already defined; not changing it on line 490
\l_fontspec_tmp_int=\count316
LaTeX Info: Redefining \itshape on input line 1819.
LaTeX Info: Redefining \slshape on input line 1823.
LaTeX Info: Redefining \scshape on input line 1827.
LaTeX Info: Redefining \upshape on input line 1831.
 (/usr/share/texmf-dist/tex/latex/fontspec/fontspec.cfg)))
(/usr/share/texmf-dist/tex/latex/metalogo/metalogo.sty
Package: metalogo 2010/05/29 v0.12 Extended TeX logo macros

(/usr/share/texmf-dist/tex/generic/ifxetex/ifxetex.sty
Package: ifxetex 2010/09/12 v0.6 Provides ifxetex conditional
)
\xl@everylogo=\toks40
\xl@@everylogo=\toks41
LaTeX Info: Redefining \TeX on input line 193.
LaTeX Info: Redefining \LaTeX on input line 202.
LaTeX Info: Redefining \LaTeXe on input line 219.
)
(/usr/share/texmf-dist/tex/lualatex/luacode/luacode.sty
Package: luacode 2012/01/23 v1.2a lua-in-tex helpers (mpg)
\luacode@lines=\toks42
\luacode@table@soft=\luatexcatcodetable13
))
(/usr/share/texmf-dist/tex/latex/unicode-math/unicode-math.sty
Package: unicode-math 2012/07/28 v0.7a Unicode maths in XeLaTeX and LuaLaTeX

(/usr/share/texmf-dist/tex/latex/l3packages/l3keys2e/l3keys2e.sty
Package: l3keys2e 2012/09/29 v4249 LaTeX2e option processing using LaTeX3 keys
)
(/usr/share/texmf-dist/tex/generic/oberdiek/catchfile.sty
Package: catchfile 2011/03/01 v1.6 Catch the contents of a file (HO)

(/usr/share/texmf-dist/tex/generic/oberdiek/etexcmds.sty
Package: etexcmds 2011/02/16 v1.5 Avoid name clashes with e-TeX commands (HO)
))
(/usr/share/texmf-dist/tex/latex/base/fix-cm.sty
Package: fix-cm 2006/09/13 v1.1m fixes to LaTeX

(/usr/share/texmf-dist/tex/latex/base/ts1enc.def
File: ts1enc.def 2001/06/05 v3.0e (jk/car/fm) Standard LaTeX file
))
(/usr/share/texmf-dist/tex/latex/filehook/filehook.sty
Package: filehook 2011/10/12 v0.5d Hooks for input files

(/usr/share/texmf-dist/tex/latex/filehook/filehook-scrlfile.sty
Package: filehook-scrlfile 2011/01/03 v0.1 filehook patch for scrlfile package
Package filehook Info: Package 'scrlfile' detected and compensated for on input
 line 102.
))
Variant \tl_put_right:cx already defined; not changing it on line 50
Variant \seq_if_in:NVTF already defined; not changing it on line 51
\g_um_fam_int=\count317
.................................................
. LaTeX info: "xparse/define-command"
. 
. Defining document command \unimathsetup with arg. spec. 'm' on line 108.
.................................................

(/usr/share/texmf-dist/tex/latex/unicode-math/unicode-math-luatex.sty
(/usr/share/texmf-dist/tex/lualatex/lualatex-math/lualatex-math.sty
Package: lualatex-math 2012/10/13 v1.1 Patches for mathematics typesetting with
 LuaLaTeX

(/usr/share/texmf-dist/tex/latex/etoolbox/etoolbox.sty
Package: etoolbox 2011/01/03 v2.1 e-TeX tools for LaTeX
\etb@tempcnta=\count318
)
(/usr/share/texmf-dist/tex/lualatex/lualatex-math/lualatex-math.lua)
Lua module: lualatex-math 2011/05/05 0.1 Patches for mathematics typesetting wi
th LuaLaTeX
.................................................
. lualatex-math info: "patch-macro"
. 
. I'm going to patch macro \new@mathgroup.
.................................................
.................................................
. lualatex-math info: "patch-macro"
. 
. I'm going to patch macro \resetMathstrut@.
.................................................
.................................................
. lualatex-math info: "patch-macro"
. 
. I'm going to patch macro \subarray.
.................................................
.................................................
. lualatex-math info: "patch-macro"
. 
. I'm going to patch macro \frac .
.................................................
.................................................
. lualatex-math info: "patch-macro"
. 
. I'm going to patch macro \@genfrac.
.................................................
.................................................
. lualatex-math info: "patch-macro"
. 
. I'm going to patch macro \newmcodes@.
.................................................
)
(/usr/share/texmf-dist/tex/latex/unicode-math/unicode-math.lua)
Lua module: unicode-math 2012/04/23 0.1 Unicode math typesetting for LuaLaTeX

Module luatexbase-mcb info: inserting 'unicode_math.set_sscale_dimens'
(luatexbase-mcb)            at position 3 in 'luaotfload.patch_font'
Module luatexbase-mcb info: inserting 'cambria.domh'
(luatexbase-mcb)            at position 4 in 'luaotfload.patch_font'
.................................................
. LaTeX info: "xparse/define-command"
. 
. Defining document command \setmathfont with arg. spec. 'O{}m' on line 439.
.................................................
.................................................
. LaTeX info: "xparse/define-command"
. 
. Defining document command \addnolimits with arg. spec. 'm' on line 637.
.................................................
.................................................
. LaTeX info: "xparse/define-command"
. 
. Defining document command \removenolimits with arg. spec. 'm' on line 640.
.................................................
(/usr/share/texmf-dist/tex/latex/unicode-math/unicode-math-table.tex)
\g_um_primekern_muskip=\muskip17
\l_um_primecount_int=\count319
.................................................
. unicode-math info: "patch-macro"
. 
. I'm going to patch macro \plainroot@.
.................................................
.................................................
. unicode-math info: "patch-macro"
. 
. I'm going to patch macro \r@@t.
.................................................
))
luaotfload | Font names database loaded: /home/philipp/.texlive/texmf-var/luate
x-cache/generic/names/otfl-names.lua
luaotfload | load font: font family='linuxlibertineo', subfamily='regular' foun
d: /usr/share/fonts/OTF/LinLibertine_R.otf(load: /home/philipp/.texlive/texmf-v
ar/luatex-cache/generic/fonts/otf/temp-linlibertine-r.lua)
luaotfload | load font: font family='linuxlibertineo', subfamily='regular' foun
d: /usr/share/fonts/OTF/LinLibertine_R.otf
fontspec: script 'latn' exists in font 'Linux Libertine O'
fontspec: script 'latn' exists in font 'Linux Libertine O'
\g_fontspec_family_Linux Libertine O_int=\count320
luaotfload | load font: font family='linuxlibertineo', subfamily='regular' foun
d: /usr/share/fonts/OTF/LinLibertine_R.otf
fontspec: feature '+smcp' for language 'DFLT' and script 'latn' exists in font 
'Linux Libertine O'
fontspec: feature '+smcp' for language 'DFLT' and script 'latn' exists in font 
'Linux Libertine O'
luaotfload | load font: font family='linuxlibertineo', subfamily='regular' foun
d: /usr/share/fonts/OTF/LinLibertine_R.otf
luaotfload | load font: font family='linuxlibertineo', subfamily='bold' found: 
/usr/share/fonts/OTF/LinLibertine_RB.otf(load: /home/philipp/.texlive/texmf-var
/luatex-cache/generic/fonts/otf/temp-linlibertine-rb.lua)
luaotfload | load font: font family='linuxlibertineo', subfamily='bold' found: 
/usr/share/fonts/OTF/LinLibertine_RB.otf
fontspec: feature '+smcp' for language 'DFLT' and script 'latn' exists in font 
'Linux Libertine O Bold'
fontspec: feature '+smcp' for language 'DFLT' and script 'latn' exists in font 
'Linux Libertine O Bold'
luaotfload | load font: font family='linuxlibertineo', subfamily='regular' foun
d: /usr/share/fonts/OTF/LinLibertine_R.otf
luaotfload | load font: font family='linuxlibertineo', subfamily='italic' found
: /usr/share/fonts/OTF/LinLibertine_RI.otf(load: /home/philipp/.texlive/texmf-v
ar/luatex-cache/generic/fonts/otf/temp-linlibertine-ri.lua)
luaotfload | load font: font family='linuxlibertineo', subfamily='italic' found
: /usr/share/fonts/OTF/LinLibertine_RI.otf
fontspec: feature '+smcp' for language 'DFLT' and script 'latn' exists in font 
'Linux Libertine O Italic'
fontspec: feature '+smcp' for language 'DFLT' and script 'latn' exists in font 
'Linux Libertine O Italic'
luaotfload | load font: font family='linuxlibertineo', subfamily='regular' foun
d: /usr/share/fonts/OTF/LinLibertine_R.otf
luaotfload | load font: font family='linuxlibertineo', subfamily='bolditalic' f
ound: /usr/share/fonts/OTF/LinLibertine_RBI.otf(load: /home/philipp/.texlive/te
xmf-var/luatex-cache/generic/fonts/otf/temp-linlibertine-rbi.lua)
luaotfload | load font: font family='linuxlibertineo', subfamily='bolditalic' f
ound: /usr/share/fonts/OTF/LinLibertine_RBI.otf
fontspec: feature '+smcp' for language 'DFLT' and script 'latn' exists in font 
'Linux Libertine O Bold Italic'
fontspec: feature '+smcp' for language 'DFLT' and script 'latn' exists in font 
'Linux Libertine O Bold Italic'
.................................................
. fontspec info: "defining-font"
. 
. Font family 'LinuxLibertineO(0)' created for font 'Linux Libertine O' with
. options [].
. 
. This font family consists of the following shapes:
. 
. * 'normal' with NFSS spec.:
. <->"name:LinuxLibertineO:mode=node;script=latn;language=DFLT;"
. 
. * 'small caps' with NFSS spec.:
. <->"name:LinuxLibertineO:mode=node;script=latn;language=DFLT;+smcp;"
. 
. * 'bold' with NFSS spec.:
. <->"name:LinuxLibertineO/B:mode=node;script=latn;language=DFLT;"
. 
. * 'bold small caps' with NFSS spec.:
. <->"name:LinuxLibertineO/B:mode=node;script=latn;language=DFLT;+smcp;"
. 
. * 'italic' with NFSS spec.:
. <->"name:LinuxLibertineO/I:mode=node;script=latn;language=DFLT;"
. 
. * 'italic small caps' with NFSS spec.:
. <->"name:LinuxLibertineO/I:mode=node;script=latn;language=DFLT;+smcp;"
. 
. * 'bold italic' with NFSS spec.:
. <->"name:LinuxLibertineO/BI:mode=node;script=latn;language=DFLT;"
. 
. * 'bold italic small caps' with NFSS spec.:
. <->"name:LinuxLibertineO/BI:mode=node;script=latn;language=DFLT;+smcp;"
.................................................
luaotfload | load font: auto-selecting default features for script: dflt (was l
atn)
luaotfload | load font: font family='linuxlibertineo', subfamily='regular' foun
d: /usr/share/fonts/OTF/LinLibertine_R.otf
luaotfload | load font: font family='linuxbiolinumo', subfamily='regular' found
: /usr/share/fonts/OTF/LinBiolinum_R.otf(load: /home/philipp/.texlive/texmf-var
/luatex-cache/generic/fonts/otf/temp-linbiolinum-r.lua)
luaotfload | load font: font family='linuxbiolinumo', subfamily='regular' found
: /usr/share/fonts/OTF/LinBiolinum_R.otf
fontspec: script 'latn' exists in font 'Linux Biolinum O'
fontspec: script 'latn' exists in font 'Linux Biolinum O'
\g_fontspec_family_Linux Biolinum O_int=\count321
luaotfload | load font: font family='linuxbiolinumo', subfamily='regular' found
: /usr/share/fonts/OTF/LinBiolinum_R.otf
fontspec: feature '+smcp' for language 'DFLT' and script 'latn' exists in font 
'Linux Biolinum O'
fontspec: feature '+smcp' for language 'DFLT' and script 'latn' exists in font 
'Linux Biolinum O'
luaotfload | load font: font family='linuxbiolinumo', subfamily='regular' found
: /usr/share/fonts/OTF/LinBiolinum_R.otf
luaotfload | load font: font family='linuxbiolinumo', subfamily='bold' found: /
usr/share/fonts/OTF/LinBiolinum_RB.otf(load: /home/philipp/.texlive/texmf-var/l
uatex-cache/generic/fonts/otf/temp-linbiolinum-rb.lua)
luaotfload | load font: font family='linuxbiolinumo', subfamily='bold' found: /
usr/share/fonts/OTF/LinBiolinum_RB.otf
fontspec: feature '+smcp' for language 'DFLT' and script 'latn' exists in font 
'Linux Biolinum O Bold'
fontspec: feature '+smcp' for language 'DFLT' and script 'latn' exists in font 
'Linux Biolinum O Bold'
luaotfload | load font: font family='linuxbiolinumo', subfamily='regular' found
: /usr/share/fonts/OTF/LinBiolinum_R.otf
luaotfload | load font: font family='linuxbiolinumo', subfamily='italic' found:
 /usr/share/fonts/OTF/LinBiolinum_RI.otf(load: /home/philipp/.texlive/texmf-var
/luatex-cache/generic/fonts/otf/temp-linbiolinum-ri.lua)
luaotfload | load font: font family='linuxbiolinumo', subfamily='italic' found:
 /usr/share/fonts/OTF/LinBiolinum_RI.otf
fontspec: feature '+smcp' for language 'DFLT' and script 'latn' exists in font 
'Linux Biolinum O Italic'
fontspec: feature '+smcp' for language 'DFLT' and script 'latn' exists in font 
'Linux Biolinum O Italic'
luaotfload | load font: font family='linuxbiolinumo', subfamily='regular' found
: /usr/share/fonts/OTF/LinBiolinum_R.otf
.................................................
. fontspec info: "no-font-shape"
. 
. Could not resolve font LinuxBiolinumO/BI (it probably doesn't exist).
.................................................
.................................................
. fontspec info: "defining-font"
. 
. Font family 'LinuxBiolinumO(0)' created for font 'Linux Biolinum O' with
. options [].
. 
. This font family consists of the following shapes:
. 
. * 'normal' with NFSS spec.:
. <->"name:LinuxBiolinumO:mode=node;script=latn;language=DFLT;"
. 
. * 'small caps' with NFSS spec.:
. <->"name:LinuxBiolinumO:mode=node;script=latn;language=DFLT;+smcp;"
. 
. * 'bold' with NFSS spec.:
. <->"name:LinuxBiolinumO/B:mode=node;script=latn;language=DFLT;"
. 
. * 'bold small caps' with NFSS spec.:
. <->"name:LinuxBiolinumO/B:mode=node;script=latn;language=DFLT;+smcp;"
. 
. * 'italic' with NFSS spec.:
. <->"name:LinuxBiolinumO/I:mode=node;script=latn;language=DFLT;"
. 
. * 'italic small caps' with NFSS spec.:
. <->"name:LinuxBiolinumO/I:mode=node;script=latn;language=DFLT;+smcp;"
.................................................
luaotfload | load font: font family='linuxlibertineo', subfamily='regular' foun
d: /usr/share/fonts/OTF/LinLibertine_R.otf
luaotfload | load font: font family='linuxlibertineo', subfamily='regular' foun
d: /usr/share/fonts/OTF/LinLibertine_R.otf
fontspec: script 'latn' exists in font 'Linux Libertine O'
fontspec: script 'latn' exists in font 'Linux Libertine O'
fontspec: feature '+smcp' for language 'DFLT' and script 'latn' exists in font 
'Linux Libertine O'
luaotfload | load font: font family='linuxlibertineo', subfamily='regular' foun
d: /usr/share/fonts/OTF/LinLibertine_R.otf
fontspec: feature '+smcp' for language 'DFLT' and script 'latn' exists in font 
'Linux Libertine O'
fontspec: feature '+smcp' for language 'DFLT' and script 'latn' exists in font 
'Linux Libertine O'
fontspec: feature '+smcp' for language 'DFLT' and script 'latn' exists in font 
'Linux Libertine O'
fontspec: feature '+smcp' for language 'DFLT' and script 'latn' exists in font 
'Linux Libertine O'
luaotfload | load font: font family='linuxlibertineo', subfamily='regular' foun
d: /usr/share/fonts/OTF/LinLibertine_R.otf
luaotfload | load font: font family='linuxlibertineo', subfamily='bold' found: 
/usr/share/fonts/OTF/LinLibertine_RB.otf
luaotfload | load font: font family='linuxlibertineo', subfamily='bold' found: 
/usr/share/fonts/OTF/LinLibertine_RB.otf
fontspec: feature '+smcp' for language 'DFLT' and script 'latn' exists in font 
'Linux Libertine O Bold'
fontspec: feature '+smcp' for language 'DFLT' and script 'latn' exists in font 
'Linux Libertine O Bold'
fontspec: feature '+smcp' for language 'DFLT' and script 'latn' exists in font 
'Linux Libertine O Bold'
fontspec: feature '+smcp' for language 'DFLT' and script 'latn' exists in font 
'Linux Libertine O Bold'
luaotfload | load font: font family='linuxlibertineo', subfamily='regular' foun
d: /usr/share/fonts/OTF/LinLibertine_R.otf
luaotfload | load font: font family='linuxlibertineo', subfamily='italic' found
: /usr/share/fonts/OTF/LinLibertine_RI.otf
luaotfload | load font: font family='linuxlibertineo', subfamily='italic' found
: /usr/share/fonts/OTF/LinLibertine_RI.otf
fontspec: feature '+smcp' for language 'DFLT' and script 'latn' exists in font 
'Linux Libertine O Italic'
fontspec: feature '+smcp' for language 'DFLT' and script 'latn' exists in font 
'Linux Libertine O Italic'
fontspec: feature '+smcp' for language 'DFLT' and script 'latn' exists in font 
'Linux Libertine O Italic'
fontspec: feature '+smcp' for language 'DFLT' and script 'latn' exists in font 
'Linux Libertine O Italic'
luaotfload | load font: font family='linuxlibertineo', subfamily='regular' foun
d: /usr/share/fonts/OTF/LinLibertine_R.otf
luaotfload | load font: font family='linuxlibertineo', subfamily='bolditalic' f
ound: /usr/share/fonts/OTF/LinLibertine_RBI.otf
luaotfload | load font: font family='linuxlibertineo', subfamily='bolditalic' f
ound: /usr/share/fonts/OTF/LinLibertine_RBI.otf
fontspec: feature '+smcp' for language 'DFLT' and script 'latn' exists in font 
'Linux Libertine O Bold Italic'
fontspec: feature '+smcp' for language 'DFLT' and script 'latn' exists in font 
'Linux Libertine O Bold Italic'
fontspec: feature '+smcp' for language 'DFLT' and script 'latn' exists in font 
'Linux Libertine O Bold Italic'
fontspec: feature '+smcp' for language 'DFLT' and script 'latn' exists in font 
'Linux Libertine O Bold Italic'
.................................................
. fontspec info: "defining-font"
. 
. Font family 'LinuxLibertineO(1)' created for font 'Linux Libertine O' with
. options [Letters=SmallCaps].
. 
. This font family consists of the following shapes:
. 
. * 'normal' with NFSS spec.:
. <->"name:LinuxLibertineO:mode=node;script=latn;language=DFLT;+smcp;"
. 
. * 'small caps' with NFSS spec.:
. <->"name:LinuxLibertineO:mode=node;script=latn;language=DFLT;+smcp;+smcp;"
. 
. * 'bold' with NFSS spec.:
. <->"name:LinuxLibertineO/B:mode=node;script=latn;language=DFLT;+smcp;"
. 
. * 'bold small caps' with NFSS spec.:
. 
. <->"name:LinuxLibertineO/B:mode=node;script=latn;language=DFLT;+smcp;+smcp;"
. 
. * 'italic' with NFSS spec.:
. <->"name:LinuxLibertineO/I:mode=node;script=latn;language=DFLT;+smcp;"
. 
. * 'italic small caps' with NFSS spec.:
. 
. <->"name:LinuxLibertineO/I:mode=node;script=latn;language=DFLT;+smcp;+smcp;"
. 
. * 'bold italic' with NFSS spec.:
. <->"name:LinuxLibertineO/BI:mode=node;script=latn;language=DFLT;+smcp;"
. 
. * 'bold italic small caps' with NFSS spec.:
. 
. <->"name:LinuxLibertineO/BI:mode=node;script=latn;language=DFLT;+smcp;+smcp;"

.................................................
luaotfload | load font: font family='latinmodernmath', subfamily='regular' foun
d: lmodern-math.otf(load: /home/philipp/.texlive/texmf-var/luatex-cache/generic
/fonts/otf/temp-lmodern-math.lua)
luaotfload | load font: font family='latinmodernmath', subfamily='regular' foun
d: lmodern-math.otf
fontspec: script 'math' exists in font 'LModernMath-Regular'
\g_fontspec_family_Latin Modern Math_int=\count322
luaotfload | load font: font family='latinmodernmath', subfamily='regular' foun
d: lmodern-math.otf
fontspec: feature '+ssty' for language 'DFLT' and script 'math' exists in font 
'LModernMath-Regular'
fontspec: feature '+ssty' for language 'DFLT' and script 'math' exists in font 
'LModernMath-Regular'
luaotfload | load font: font family='latinmodernmath', subfamily='regular' foun
d: lmodern-math.otf
.................................................
. fontspec info: "no-font-shape"
. 
. Could not resolve font LatinModernMath/B (it probably doesn't exist).
.................................................
.................................................
. fontspec info: "defining-font"
. 
. Font family 'LatinModernMath(0)' created for font 'Latin Modern Math' with
. options
. [Renderer=Basic,BoldItalicFont={},ItalicFont={},Script=Math,SizeFeatures={{Si
ze=10-},{Size=7-10,Font=Latin
. Modern Math,Style=MathScript},{Size=-7,Font=Latin Modern
. Math,Style=MathScriptScript}},].
. 
. This font family consists of the following shapes:
. 
. * 'normal' with NFSS spec.:
. 
. <10->"name:LatinModernMath:mode=base;script=math;language=DFLT;"<7-10>"name:L
atinModernMath:mode=base;script=math;language=DFLT;+ssty=1;"<-7>"name:LatinMode
rnMath:mode=base;script=math;language=DFLT;+ssty=2;"
.................................................
luaotfload | load font: auto-selecting default features for script: dflt (was m
ath)
luaotfload | load font: font family='latinmodernmath', subfamily='regular' foun
d: lmodern-math.otf
luaotfload | load font: auto-selecting default features for script: dflt (was m
ath)
luaotfload | load font: font family='latinmodernmath', subfamily='regular' foun
d: lmodern-math.otf
fontspec: script 'math' exists in font 'LModernMath-Regular-2'
LaTeX Font Info:    Encoding `OT1' has changed to `EU2' for symbol font
(Font)              `operators' in the math version `normal' on input line 27.
LaTeX Font Info:    Overwriting symbol font `operators' in version `normal'
(Font)                  OT1/cmr/m/n --> EU2/LatinModernMath(0)/m/n on input lin
e 27.
LaTeX Font Info:    Encoding `OT1' has changed to `EU2' for symbol font
(Font)              `operators' in the math version `bold' on input line 27.
LaTeX Font Info:    Overwriting symbol font `operators' in version `bold'
(Font)                  OT1/cmr/bx/n --> EU2/LatinModernMath(0)/bx/n on input l
ine 27.
luaotfload | load font: font family='latinmodernmath', subfamily='regular' foun
d: lmodern-math.otf
luaotfload | load font: font family='latinmodernmath', subfamily='regular' foun
d: lmodern-math.otf
fontspec: script 'math' exists in font 'LModernMath-Regular'
luaotfload | load font: font family='latinmodernmath', subfamily='regular' foun
d: lmodern-math.otf
fontspec: feature '+ssty' for language 'DFLT' and script 'math' exists in font 
'LModernMath-Regular'
fontspec: feature '+ssty' for language 'DFLT' and script 'math' exists in font 
'LModernMath-Regular'
luaotfload | load font: font family='latinmodernmath', subfamily='regular' foun
d: lmodern-math.otf
.................................................
. fontspec info: "no-font-shape"
. 
. Could not resolve font LatinModernMath/B (it probably doesn't exist).
.................................................
.................................................
. fontspec info: "defining-font"
. 
. Font family 'LatinModernMath(1)' created for font 'Latin Modern Math' with
. options
. [Renderer=Basic,BoldItalicFont={},ItalicFont={},Script=Math,SizeFeatures={{Si
ze=10-},{Size=7-10,Font=Latin
. Modern Math,Style=MathScript},{Size=-7,Font=Latin Modern
. Math,Style=MathScriptScript}},,Scale=1.00001,FontAdjustment={\fontdimen
. 8\font =443678.72sp\relax \fontdimen 9\font =258211.84sp\relax \fontdimen
. 10\font =290979.84sp\relax \fontdimen 11\font =449576.96sp\relax \fontdimen
. 12\font =226099.2sp\relax \fontdimen 13\font =237895.68sp\relax \fontdimen
. 14\font =237895.68sp\relax \fontdimen 15\font =189399.04sp\relax \fontdimen
. 16\font =161873.92sp\relax \fontdimen 17\font =0pt\relax \fontdimen 18\font
. =163840sp\relax \fontdimen 19\font =131072sp\relax \fontdimen 20\font
. =0pt\relax \fontdimen 21\font =0pt\relax \fontdimen 22\font =163840sp\relax
. }].
. 
. This font family consists of the following shapes:
. 
. * 'normal' with NFSS spec.:
. 
. <10->s*[1.00001]"name:LatinModernMath:mode=base;script=math;language=DFLT;"<7
-10>s*[1.00001]"name:LatinModernMath:mode=base;script=math;language=DFLT;+ssty=
1;"<-7>s*[1.00001]"name:LatinModernMath:mode=base;script=math;language=DFLT;+ss
ty=2;"
. and font adjustment code:
. \fontdimen 8\font =443678.72sp\relax \fontdimen 9\font =258211.84sp\relax
. \fontdimen 10\font =290979.84sp\relax \fontdimen 11\font =449576.96sp\relax
. \fontdimen 12\font =226099.2sp\relax \fontdimen 13\font =237895.68sp\relax
. \fontdimen 14\font =237895.68sp\relax \fontdimen 15\font =189399.04sp\relax
. \fontdimen 16\font =161873.92sp\relax \fontdimen 17\font =0pt\relax
. \fontdimen 18\font =163840sp\relax \fontdimen 19\font =131072sp\relax
. \fontdimen 20\font =0pt\relax \fontdimen 21\font =0pt\relax \fontdimen
. 22\font =163840sp\relax 
.................................................
LaTeX Font Info:    Encoding `OMS' has changed to `EU2' for symbol font
(Font)              `symbols' in the math version `normal' on input line 27.
LaTeX Font Info:    Overwriting symbol font `symbols' in version `normal'
(Font)                  OMS/cmsy/m/n --> EU2/LatinModernMath(1)/m/n on input li
ne 27.
LaTeX Font Info:    Encoding `OMS' has changed to `EU2' for symbol font
(Font)              `symbols' in the math version `bold' on input line 27.
LaTeX Font Info:    Overwriting symbol font `symbols' in version `bold'
(Font)                  OMS/cmsy/b/n --> EU2/LatinModernMath(1)/bx/n on input l
ine 27.
luaotfload | load font: font family='latinmodernmath', subfamily='regular' foun
d: lmodern-math.otf
luaotfload | load font: font family='latinmodernmath', subfamily='regular' foun
d: lmodern-math.otf
fontspec: script 'math' exists in font 'LModernMath-Regular'
luaotfload | load font: font family='latinmodernmath', subfamily='regular' foun
d: lmodern-math.otf
fontspec: feature '+ssty' for language 'DFLT' and script 'math' exists in font 
'LModernMath-Regular'
fontspec: feature '+ssty' for language 'DFLT' and script 'math' exists in font 
'LModernMath-Regular'
luaotfload | load font: font family='latinmodernmath', subfamily='regular' foun
d: lmodern-math.otf
.................................................
. fontspec info: "no-font-shape"
. 
. Could not resolve font LatinModernMath/B (it probably doesn't exist).
.................................................
.................................................
. fontspec info: "defining-font"
. 
. Font family 'LatinModernMath(2)' created for font 'Latin Modern Math' with
. options
. [Renderer=Basic,BoldItalicFont={},ItalicFont={},Script=Math,SizeFeatures={{Si
ze=10-},{Size=7-10,Font=Latin
. Modern Math,Style=MathScript},{Size=-7,Font=Latin Modern
. Math,Style=MathScriptScript}},,Scale=0.99999,FontAdjustment={\fontdimen
. 8\font =26214.4sp\relax \fontdimen 9\font =131072sp\relax \fontdimen 10\font
. =109445.12sp\relax \fontdimen 11\font =72744.96sp\relax \fontdimen 12\font
. =393216sp\relax \fontdimen 13\font =0pt\relax }].
. 
. This font family consists of the following shapes:
. 
. * 'normal' with NFSS spec.:
. 
. <10->s*[0.99999]"name:LatinModernMath:mode=base;script=math;language=DFLT;"<7
-10>s*[0.99999]"name:LatinModernMath:mode=base;script=math;language=DFLT;+ssty=
1;"<-7>s*[0.99999]"name:LatinModernMath:mode=base;script=math;language=DFLT;+ss
ty=2;"
. and font adjustment code:
. \fontdimen 8\font =26214.4sp\relax \fontdimen 9\font =131072sp\relax
. \fontdimen 10\font =109445.12sp\relax \fontdimen 11\font =72744.96sp\relax
. \fontdimen 12\font =393216sp\relax \fontdimen 13\font =0pt\relax 
.................................................
LaTeX Font Info:    Encoding `OMX' has changed to `EU2' for symbol font
(Font)              `largesymbols' in the math version `normal' on input line 2
7.
LaTeX Font Info:    Overwriting symbol font `largesymbols' in version `normal'
(Font)                  OMX/cmex/m/n --> EU2/LatinModernMath(2)/m/n on input li
ne 27.
LaTeX Font Info:    Encoding `OMX' has changed to `EU2' for symbol font
(Font)              `largesymbols' in the math version `bold' on input line 27.

LaTeX Font Info:    Overwriting symbol font `largesymbols' in version `bold'
(Font)                  OMX/cmex/m/n --> EU2/LatinModernMath(2)/bx/n on input l
ine 27.
luaotfload | load font: font family='inconsolata', subfamily='regular' found: /
usr/share/fonts/TTF/ttf-inconsolata.otf(load: /home/philipp/.texlive/texmf-var/
luatex-cache/generic/fonts/otf/temp-ttf-inconsolata.lua)
luaotfload | load font: font family='inconsolata', subfamily='regular' found: /
usr/share/fonts/TTF/ttf-inconsolata.otf
.................................................
. fontspec info: "no-scripts"
. 
. Font Inconsolata does not contain any OpenType `Script' information.
.................................................
\g_fontspec_family_Inconsolata_int=\count323
luaotfload | load font: font family='inconsolata', subfamily='regular' found: /
usr/share/fonts/TTF/ttf-inconsolata.otf
luaotfload | load font: font family='inconsolata', subfamily='regular' found: /
usr/share/fonts/TTF/ttf-inconsolata.otf
.................................................
. fontspec info: "no-font-shape"
. 
. Could not resolve font Inconsolata/B (it probably doesn't exist).
.................................................
luaotfload | load font: font family='inconsolata', subfamily='regular' found: /
usr/share/fonts/TTF/ttf-inconsolata.otf
.................................................
. fontspec info: "no-font-shape"
. 
. Could not resolve font Inconsolata/I (it probably doesn't exist).
.................................................
luaotfload | load font: font family='inconsolata', subfamily='regular' found: /
usr/share/fonts/TTF/ttf-inconsolata.otf
.................................................
. fontspec info: "no-font-shape"
. 
. Could not resolve font Inconsolata/BI (it probably doesn't exist).
.................................................
.................................................
. fontspec info: "defining-font"
. 
. Font family 'Inconsolata(0)' created for font 'Inconsolata' with options [].
. 
. This font family consists of the following shapes:
. 
. * 'normal' with NFSS spec.:
. <->"name:Inconsolata:mode=node;"
.................................................
 (/usr/share/texmf-dist/tex/latex/listings/listings.sty
\lst@mode=\count324
\lst@gtempboxa=\box269
\lst@token=\toks43
\lst@length=\count325
\lst@currlwidth=\dimen288
\lst@column=\count326
\lst@pos=\count327
\lst@lostspace=\dimen289
\lst@width=\dimen290
\lst@newlines=\count328
\lst@lineno=\count329
\lst@maxwidth=\dimen291
(/usr/share/texmf-dist/tex/latex/listings/lstmisc.sty
File: lstmisc.sty 2007/02/22 1.4 (Carsten Heinz)
\c@lstnumber=\count330
\lst@skipnumbers=\count331
\lst@framebox=\box270
)
(/usr/share/texmf-dist/tex/latex/listings/listings.cfg
File: listings.cfg 2007/02/22 1.4 listings configuration
))
Package: listings 2007/02/22 1.4 (Carsten Heinz)

(/usr/share/texmf-dist/tex/latex/algorithmicx/algpseudocode.sty
Package: algpseudocode 

(/usr/share/texmf-dist/tex/latex/base/ifthen.sty
Package: ifthen 2001/05/26 v1.1c Standard LaTeX ifthen package (DPC)
)
(/usr/share/texmf-dist/tex/latex/algorithmicx/algorithmicx.sty
Package: algorithmicx 2005/04/27 v1.2 Algorithmicx

Document Style algorithmicx 1.2 - a greatly improved `algorithmic' style
\c@ALG@line=\count332
\c@ALG@rem=\count333
\c@ALG@nested=\count334
\ALG@tlm=\skip260
\ALG@thistlm=\skip261
\c@ALG@Lnr=\count335
\c@ALG@blocknr=\count336
\c@ALG@storecount=\count337
\c@ALG@tmpcounter=\count338
\ALG@tmplength=\skip262
)
Document Style - pseudocode environments for use with the `algorithmicx' style
) (/usr/share/texmf-dist/tex/latex/tocbibind/tocbibind.sty
Package: tocbibind 2010/10/13 v1.5k extra ToC listings
Package tocbibind Info: The document has chapter divisions on input line 50.


Package tocbibind Note: Using chapter style headings, unless overridden.

) (/usr/share/texmf-dist/tex/latex/hyperref/hyperref.sty
Package: hyperref 2012/11/06 v6.83m Hypertext links for LaTeX

(/usr/share/texmf-dist/tex/generic/oberdiek/hobsub-hyperref.sty
Package: hobsub-hyperref 2012/05/28 v1.13 Bundle oberdiek, subset hyperref (HO)


(/usr/share/texmf-dist/tex/generic/oberdiek/hobsub-generic.sty
Package: hobsub-generic 2012/05/28 v1.13 Bundle oberdiek, subset generic (HO)
Package: hobsub 2012/05/28 v1.13 Construct package bundles (HO)
Package hobsub Info: Skipping package `infwarerr' (already loaded).
Package hobsub Info: Skipping package `ltxcmds' (already loaded).
Package hobsub Info: Skipping package `ifluatex' (already loaded).
Package: ifvtex 2010/03/01 v1.5 Detect VTeX and its facilities (HO)
Package ifvtex Info: VTeX not detected.
Package: intcalc 2007/09/27 v1.1 Expandable calculations with integers (HO)
Package hobsub Info: Skipping package `ifpdf' (already loaded).
Package hobsub Info: Skipping package `etexcmds' (already loaded).
Package: kvsetkeys 2012/04/25 v1.16 Key value parser (HO)
Package: kvdefinekeys 2011/04/07 v1.3 Define keys (HO)
Package hobsub Info: Skipping package `luatex-loader' (already loaded).
Package hobsub Info: Skipping package `pdftexcmds' (already loaded).
Package: pdfescape 2011/11/25 v1.13 Implements pdfTeX's escape features (HO)
Package: bigintcalc 2012/04/08 v1.3 Expandable calculations on big integers (HO
)
Package: bitset 2011/01/30 v1.1 Handle bit-vector datatype (HO)
Package: uniquecounter 2011/01/30 v1.2 Provide unlimited unique counter (HO)
)
Package hobsub Info: Skipping package `hobsub' (already loaded).
Package: letltxmacro 2010/09/02 v1.4 Let assignment for LaTeX macros (HO)
Package: hopatch 2012/05/28 v1.2 Wrapper for package hooks (HO)
Package: xcolor-patch 2011/01/30 xcolor patch
Package: atveryend 2011/06/30 v1.8 Hooks at the very end of document (HO)
Package: atbegshi 2011/10/05 v1.16 At begin shipout hook (HO)
Package: refcount 2011/10/16 v3.4 Data extraction from label references (HO)
Package: hycolor 2011/01/30 v1.7 Color options for hyperref/bookmark (HO)
)
(/usr/share/texmf-dist/tex/latex/oberdiek/auxhook.sty
Package: auxhook 2011/03/04 v1.3 Hooks for auxiliary files (HO)
)
(/usr/share/texmf-dist/tex/latex/oberdiek/kvoptions.sty
Package: kvoptions 2011/06/30 v3.11 Key value format for package options (HO)
)
\@linkdim=\dimen292
\Hy@linkcounter=\count339
\Hy@pagecounter=\count340

(/usr/share/texmf-dist/tex/latex/hyperref/pd1enc.def
File: pd1enc.def 2012/11/06 v6.83m Hyperref: PDFDocEncoding definition (HO)
)
\Hy@SavedSpaceFactor=\count341

(/usr/share/texmf-dist/tex/latex/latexconfig/hyperref.cfg
File: hyperref.cfg 2002/06/06 v1.2 hyperref configuration of TeXLive
)
Package hyperref Info: Hyper figures OFF on input line 4443.
Package hyperref Info: Link nesting OFF on input line 4448.
Package hyperref Info: Hyper index ON on input line 4451.
Package hyperref Info: Plain pages OFF on input line 4458.
Package hyperref Info: Backreferencing OFF on input line 4463.
Package hyperref Info: Implicit mode ON; LaTeX internals redefined.
Package hyperref Info: Bookmarks ON on input line 4688.
\c@Hy@tempcnt=\count342

(/usr/share/texmf-dist/tex/latex/url/url.sty
\Urlmuskip=\muskip18
Package: url 2006/04/12  ver 3.3  Verb mode for urls, etc.
)
LaTeX Info: Redefining \url on input line 5041.
\XeTeXLinkMargin=\dimen293
\Fld@menulength=\count343
\Field@Width=\dimen294
\Fld@charsize=\dimen295
Package hyperref Info: Hyper figures OFF on input line 6295.
Package hyperref Info: Link nesting OFF on input line 6300.
Package hyperref Info: Hyper index ON on input line 6303.
Package hyperref Info: backreferencing OFF on input line 6310.
Package hyperref Info: Link coloring OFF on input line 6315.
Package hyperref Info: Link coloring with OCG OFF on input line 6320.
Package hyperref Info: PDF/A mode OFF on input line 6325.
LaTeX Info: Redefining \ref on input line 6365.
LaTeX Info: Redefining \pageref on input line 6369.
\Hy@abspage=\count344
\c@Item=\count345
\c@Hfootnote=\count346
)

Package hyperref Message: Driver: hpdftex.

(/usr/share/texmf-dist/tex/latex/hyperref/hpdftex.def
File: hpdftex.def 2012/11/06 v6.83m Hyperref driver for pdfTeX
\Fld@listcount=\count347
\c@bookmark@seq@number=\count348

(/usr/share/texmf-dist/tex/latex/oberdiek/rerunfilecheck.sty
Package: rerunfilecheck 2011/04/15 v1.7 Rerun checks for auxiliary files (HO)
Package uniquecounter Info: New unique counter `rerunfilecheck' on input line 2
82.
)
\Hy@SectionHShift=\skip263
)
(/usr/share/texmf-dist/tex/latex/xifthen/xifthen.sty
Package: xifthen 2009/04/17 v1.3 Extended ifthen features

(/usr/share/texmf-dist/tex/latex/tools/calc.sty
Package: calc 2007/08/22 v4.3 Infix arithmetic (KKT,FJ)
\calc@Acount=\count349
\calc@Bcount=\count350
\calc@Adimen=\dimen296
\calc@Bdimen=\dimen297
\calc@Askip=\skip264
\calc@Bskip=\skip265
LaTeX Info: Redefining \setlength on input line 76.
LaTeX Info: Redefining \addtolength on input line 77.
\calc@Ccount=\count351
\calc@Cskip=\skip266
)
(/usr/share/texmf-dist/tex/latex/ifmtarg/ifmtarg.sty
Package: ifmtarg 2009/09/02 v1.2a check for an empty argument
)) (./main.aux
(./definitions.aux) (./outer_cover.aux) (./inner_cover.aux) (./declaration.aux)
(./contents.aux) (./introduction.aux) (./theory.aux) (./algorithms.aux)
(./conclusion.aux))
LaTeX Font Info:    Checking defaults for OML/cmm/m/it on input line 42.
LaTeX Font Info:    ... okay on input line 42.
LaTeX Font Info:    Checking defaults for T1/cmr/m/n on input line 42.
LaTeX Font Info:    ... okay on input line 42.
LaTeX Font Info:    Checking defaults for OT1/cmr/m/n on input line 42.
LaTeX Font Info:    ... okay on input line 42.
LaTeX Font Info:    Checking defaults for OMS/cmsy/m/n on input line 42.
LaTeX Font Info:    ... okay on input line 42.
LaTeX Font Info:    Checking defaults for OMX/cmex/m/n on input line 42.
LaTeX Font Info:    ... okay on input line 42.
LaTeX Font Info:    Checking defaults for U/cmr/m/n on input line 42.
LaTeX Font Info:    ... okay on input line 42.
LaTeX Font Info:    Checking defaults for EU2/lmr/m/n on input line 42.
LaTeX Font Info:    ... okay on input line 42.
LaTeX Font Info:    Checking defaults for T3/cmr/m/n on input line 42.
LaTeX Font Info:    Try loading font information for T3+cmr on input line 42.
 (/usr/share/texmf-dist/tex/latex/tipa/t3cmr.fd
File: t3cmr.fd 2001/12/31 TIPA font definitions
)
LaTeX Font Info:    ... okay on input line 42.
LaTeX Font Info:    Checking defaults for TS1/cmr/m/n on input line 42.
LaTeX Font Info:    ... okay on input line 42.
LaTeX Font Info:    Checking defaults for PD1/pdf/m/n on input line 42.
LaTeX Font Info:    ... okay on input line 42.
luaotfload | load font: auto-selecting default features for script: dflt (was l
atn)
luaotfload | load font: font family='linuxlibertineo', subfamily='regular' foun
d: /usr/share/fonts/OTF/LinLibertine_R.otf
ABD: EveryShipout initializing macros
(/usr/share/texmf-dist/tex/context/base/supp-pdf.mkii
[Loading MPS to PDF converter (version 2006.09.02).]
\scratchcounter=\count352
\scratchdimen=\dimen298
\scratchbox=\box271
\nofMPsegments=\count353
\nofMParguments=\count354
\everyMPshowfont=\toks44
\MPscratchCnt=\count355
\MPscratchDim=\dimen299
\MPnumerator=\count356
\makeMPintoPDFobject=\count357
\everyMPtoPDFconversion=\toks45
) (/usr/share/texmf-dist/tex/latex/oberdiek/epstopdf-base.sty
Package: epstopdf-base 2010/02/09 v2.5 Base part for package epstopdf

(/usr/share/texmf-dist/tex/latex/oberdiek/grfext.sty
Package: grfext 2010/08/19 v1.1 Manage graphics extensions (HO)
)
Package grfext Info: Graphics extension search list:
(grfext)             [.png,.pdf,.jpg,.mps,.jpeg,.jbig2,.jb2,.PNG,.PDF,.JPG,.JPE
G,.JBIG2,.JB2,.eps]
(grfext)             \AppendGraphicsExtensions on input line 452.

(/usr/share/texmf-dist/tex/latex/latexconfig/epstopdf-sys.cfg
File: epstopdf-sys.cfg 2010/07/13 v1.3 Configuration of (r)epstopdf for TeX Liv
e
))
\c@lstlisting=\count358
\AtBeginShipoutBox=\box272
Package hyperref Info: Link coloring OFF on input line 42.

(/usr/share/texmf-dist/tex/latex/hyperref/nameref.sty
Package: nameref 2012/10/27 v2.43 Cross-referencing by name of section

(/usr/share/texmf-dist/tex/generic/oberdiek/gettitlestring.sty
Package: gettitlestring 2010/12/03 v1.4 Cleanup title references (HO)
)
\c@section@level=\count359
)
LaTeX Info: Redefining \ref on input line 42.
LaTeX Info: Redefining \pageref on input line 42.
LaTeX Info: Redefining \nameref on input line 42.
 (./main.out)
(./main.out)
\@outlinefile=\write4
 (./definitions.tex
\c@definition=\count360
\c@lemma=\count361
\c@theorem=\count362
\c@remark=\count363
) (./outer_cover.tex
luaotfload | load font: auto-selecting default features for script: dflt (was l
atn)
luaotfload | load font: font family='linuxlibertineo', subfamily='regular' foun
d: /usr/share/fonts/OTF/LinLibertine_R.otf
luaotfload | load font: auto-selecting default features for script: dflt (was l
atn)
luaotfload | load font: font family='linuxlibertineo', subfamily='regular' foun
d: /usr/share/fonts/OTF/LinLibertine_R.otf
luaotfload | otf process: missing cache for lookup ks_l_22_s of type gsub_conte
xtchain in font 34 (Linux Libertine O)
luaotfload | load font: auto-selecting default features for script: dflt (was l
atn)
luaotfload | load font: font family='linuxlibertineo', subfamily='italic' found
: /usr/share/fonts/OTF/LinLibertine_RI.otf
luaotfload | otf process: missing cache for lookup ks_l_27_s of type gsub_conte
xtchain in font 35 (Linux Libertine O Italic)
luaotfload | load font: auto-selecting default features for script: dflt (was l
atn)
luaotfload | load font: font family='linuxlibertineo', subfamily='regular' foun
d: /usr/share/fonts/OTF/LinLibertine_R.otf
luaotfload | otf process: missing cache for lookup ks_l_22_s of type gsub_conte
xtchain in font 36 (Linux Libertine O)
luaotfload | otf process: missing cache for lookup ks_l_22_s of type gsub_conte
xtchain in font 33 (Linux Libertine O)
<IN_schwarz_CMYK.pdf, id=87, 34.14326pt x 36.98859pt>
File: IN_schwarz_CMYK.pdf Graphic file (type pdf)

<use IN_schwarz_CMYK.pdf>
Package pdftex.def Info: IN_schwarz_CMYK.pdf used on input line 31.
(pdftex.def)             Requested size: 84.83966pt x 91.91638pt.
 [1





{/var/lib/texmf/fonts/map/pdftex/updmap/pdftex.map} <./IN_schwarz_CMYK.pdf>]) (
./inner_cover.tex
File: IN_schwarz_CMYK.pdf Graphic file (type pdf)
 <use IN_schwarz_CMYK.pdf>
Package pdftex.def Info: IN_schwarz_CMYK.pdf used on input line 39.
(pdftex.def)             Requested size: 84.83966pt x 91.91638pt.

[2



]) (./declaration.tex
luaotfload | load font: auto-selecting default features for script: dflt (was l
atn)
luaotfload | load font: font family='linuxbiolinumo', subfamily='regular' found
: /usr/share/fonts/OTF/LinBiolinum_R.otf
luaotfload | load font: auto-selecting default features for script: dflt (was l
atn)
luaotfload | load font: font family='linuxbiolinumo', subfamily='bold' found: /
usr/share/fonts/OTF/LinBiolinum_RB.otf
luaotfload | load font: auto-selecting default features for script: dflt (was l
atn)
luaotfload | load font: font family='linuxbiolinumo', subfamily='bold' found: /
usr/share/fonts/OTF/LinBiolinum_RB.otf
luaotfload | load font: auto-selecting default features for script: dflt (was m
ath)
luaotfload | load font: font family='latinmodernmath', subfamily='regular' foun
d: lmodern-math.otf
luaotfload | load font: auto-selecting default features for script: dflt (was m
ath)
luaotfload | load font: font family='latinmodernmath', subfamily='regular' foun
d: lmodern-math.otf
luaotfload | load font: auto-selecting default features for script: dflt (was m
ath)
luaotfload | load font: font family='latinmodernmath', subfamily='regular' foun
d: lmodern-math.otf
LaTeX Font Info:    Font shape `EU2/LatinModernMath(1)/m/n' will be
(Font)              scaled to size 12.00018pt on input line 3.
luaotfload | load font: auto-selecting default features for script: dflt (was m
ath)
luaotfload | load font: font family='latinmodernmath', subfamily='regular' foun
d: lmodern-math.otf
LaTeX Font Info:    Font shape `EU2/LatinModernMath(1)/m/n' will be
(Font)              scaled to size 8.00012pt on input line 3.
luaotfload | load font: auto-selecting default features for script: dflt (was m
ath)
luaotfload | load font: font family='latinmodernmath', subfamily='regular' foun
d: lmodern-math.otf
LaTeX Font Info:    Font shape `EU2/LatinModernMath(1)/m/n' will be
(Font)              scaled to size 6.00009pt on input line 3.
luaotfload | load font: auto-selecting default features for script: dflt (was m
ath)
luaotfload | load font: font family='latinmodernmath', subfamily='regular' foun
d: lmodern-math.otf
LaTeX Font Info:    Font shape `EU2/LatinModernMath(2)/m/n' will be
(Font)              scaled to size 11.99982pt on input line 3.
luaotfload | load font: auto-selecting default features for script: dflt (was m
ath)
luaotfload | load font: font family='latinmodernmath', subfamily='regular' foun
d: lmodern-math.otf
LaTeX Font Info:    Font shape `EU2/LatinModernMath(2)/m/n' will be
(Font)              scaled to size 7.99988pt on input line 3.
luaotfload | load font: auto-selecting default features for script: dflt (was m
ath)
luaotfload | load font: font family='latinmodernmath', subfamily='regular' foun
d: lmodern-math.otf
LaTeX Font Info:    Font shape `EU2/LatinModernMath(2)/m/n' will be
(Font)              scaled to size 5.99991pt on input line 3.
luaotfload | load font: auto-selecting default features for script: dflt (was m
ath)
luaotfload | load font: font family='latinmodernmath', subfamily='regular' foun
d: lmodern-math.otf
LaTeX Font Info:    Try loading font information for U+msa on input line 3.
 (/usr/share/texmf-dist/tex/latex/amsfonts/umsa.fd
File: umsa.fd 2009/06/22 v3.00 AMS symbols A
)
LaTeX Font Info:    Try loading font information for U+msb on input line 3.

(/usr/share/texmf-dist/tex/latex/amsfonts/umsb.fd
File: umsb.fd 2009/06/22 v3.00 AMS symbols B
)
luaotfload | otf process: missing cache for lookup ks_l_22_s of type gsub_conte
xtchain in font 32 (Linux Libertine O)
luaotfload | load font: auto-selecting default features for script: dflt (was l
atn)
luaotfload | load font: font family='linuxlibertineo', subfamily='italic' found
: /usr/share/fonts/OTF/LinLibertine_RI.otf
luaotfload | otf process: missing cache for lookup ks_l_27_s of type gsub_conte
xtchain in font 58 (Linux Libertine O Italic) [3



]) (./contents.tex
(./main.toc)
\tf@toc=\write5
) [4




] (./introduction.tex
Chapter 1.

Class scrbook Warning: \float@addtolists detected!
(scrbook)              You should use the features of package `tocbasic'
(scrbook)              instead of \float@addtolists.
(scrbook)              Support for \float@addtolists may be removed from
(scrbook)              `scrbook' soon .

) [1



] (./theory.tex
Chapter 2.
luaotfload | load font: auto-selecting default features for script: dflt (was l
atn)
luaotfload | load font: font family='linuxbiolinumo', subfamily='bold' found: /
usr/share/fonts/OTF/LinBiolinum_RB.otf
luaotfload | load font: auto-selecting default features for script: dflt (was l
atn)
luaotfload | load font: font family='linuxlibertineo', subfamily='bold' found: 
/usr/share/fonts/OTF/LinLibertine_RB.otf [2



]
luaotfload | load font: auto-selecting default features for script: dflt (was l
atn)
luaotfload | load font: font family='linuxlibertineo', subfamily='regular' foun
d: /usr/share/fonts/OTF/LinLibertine_R.otf
luaotfload | otf process: missing cache for lookup ks_l_22_s of type gsub_conte
xtchain in font 61 (Linux Libertine O)
luaotfload | load font: auto-selecting default features for script: dflt (was l
atn)
luaotfload | load font: font family='linuxlibertineo', subfamily='regular' foun
d: /usr/share/fonts/OTF/LinLibertine_R.otf
luaotfload | otf process: missing cache for lookup ks_l_22_s of type gsub_conte
xtchain in font 62 (Linux Libertine O)
LaTeX Font Info:    Font shape `EU2/LinuxLibertineO(0)/m/sl' in size <12> not a
vailable
(Font)              Font shape `EU2/LinuxLibertineO(0)/m/it' tried instead on i
nput line 94.
luaotfload | load font: auto-selecting default features for script: dflt (was l
atn)
luaotfload | load font: font family='linuxlibertineo', subfamily='italic' found
: /usr/share/fonts/OTF/LinLibertine_RI.otf
luaotfload | load font: auto-selecting default features for script: dflt (was l
atn)
luaotfload | load font: font family='linuxlibertineo', subfamily='italic' found
: /usr/share/fonts/OTF/LinLibertine_RI.otf [3] [4]
Overfull \hbox (4.93509pt too wide) in paragraph at lines 184--192
\EU2/LinuxLibertineO(0)/m/n/12 quence of length $\EU2/LatinModernMath(0)/m/n/12
 < $\EU2/LinuxLibertineO(0)/m/n/12 . Then it was cre-ated with the in-fer-e
nce rule 4 from $\EU2/LatinModernMath(0)/m/n/12 (, ) []
 []

[5]
Overfull \hbox (2.67935pt too wide) in paragraph at lines 245--255
 [] \EU2/LatinModernMath(0)/m/n/12 (3) 
 []


Underfull \vbox (badness 10000) has occurred while \output is active []

 [6]
luaotfload | load font: auto-selecting default features for script: dflt (was l
atn)
luaotfload | load font: font family='linuxlibertineo', subfamily='italic' found
: /usr/share/fonts/OTF/LinLibertine_RI.otf
luaotfload | otf process: missing cache for lookup ks_l_27_s of type gsub_conte
xtchain in font 63 (Linux Libertine O Italic)
luaotfload | load font: auto-selecting default features for script: dflt (was l
atn)
luaotfload | load font: font family='linuxlibertineo', subfamily='italic' found
: /usr/share/fonts/OTF/LinLibertine_RI.otf
luaotfload | otf process: missing cache for lookup ks_l_27_s of type gsub_conte
xtchain in font 64 (Linux Libertine O Italic)
[7] [8]) [9] (./algorithms.tex
Chapter 3.
luaotfload | otf process: missing cache for lookup ks_l_22_s of type gsub_conte
xtchain in font 25 (Linux Libertine O)
luaotfload | load font: auto-selecting default features for script: dflt (was l
atn)
luaotfload | load font: font family='linuxlibertineo', subfamily='regular' foun
d: /usr/share/fonts/OTF/LinLibertine_R.otf
luaotfload | otf process: missing cache for lookup ks_l_22_s of type gsub_conte
xtchain in font 65 (Linux Libertine O)
luaotfload | load font: auto-selecting default features for script: dflt (was l
atn)
luaotfload | load font: font family='linuxlibertineo', subfamily='regular' foun
d: /usr/share/fonts/OTF/LinLibertine_R.otf
luaotfload | otf process: missing cache for lookup ks_l_22_s of type gsub_conte
xtchain in font 66 (Linux Libertine O)
luaotfload | load font: auto-selecting default features for script: dflt (was l
atn)
luaotfload | load font: font family='linuxlibertineo', subfamily='regular' foun
d: /usr/share/fonts/OTF/LinLibertine_R.otf
luaotfload | otf process: missing cache for lookup ks_l_22_s of type gsub_conte
xtchain in font 67 (Linux Libertine O)
luaotfload | load font: auto-selecting default features for script: dflt (was l
atn)
luaotfload | load font: font family='linuxbiolinumo', subfamily='bold' found: /
usr/share/fonts/OTF/LinBiolinum_RB.otf
Underfull \vbox (badness 10000) has occurred while \output is active []

 [10



]
Underfull \vbox (badness 10000) has occurred while \output is active []

 [11]
Overfull \hbox (8.2036pt too wide) in paragraph at lines 263--264
 [][][] 
 []

) [12] [13] (./conclusion.tex
Chapter 4.
) [14



] (./main.bbl)
Package atveryend Info: Empty hook `BeforeClearDocument' on input line 60.
 [15


]
Package atveryend Info: Empty hook `AfterLastShipout' on input line 60.
 (./main.aux (./definitions.aux) (./outer_cover.aux)
(./inner_cover.aux) (./declaration.aux) (./contents.aux) (./introduction.aux)
(./theory.aux) (./algorithms.aux) (./conclusion.aux))
Package atveryend Info: Executing hook `AtVeryEndDocument' on input line 60.
Package atveryend Info: Executing hook `AtEndAfterFileList' on input line 60.
Package rerunfilecheck Info: File `main.out' has not changed.
(rerunfilecheck)             Checksum: 171E58291D7C9AE7537559159483D27A;1202.
 )

Here is how much of LuaTeX's memory you used:
 38138 strings out of 494982
 100000,953878 words of node,token memory allocated
 486 words of node memory still in use:
   7 hlist, 2 vlist, 2 rule, 2 glue, 1 kern, 6 attribute, 61 glue_spec, 6 attri
bute_list, 1 write nodes
   avail lists: 1:51,2:6141,3:1010,4:2327,5:510,6:1812,7:43,8:23,9:801,10:988,1
1:512,12:228
 40077 multiletter control sequences out of 65536+200000
 68 fonts using 19741495 bytes
 70i,16n,72p,932b,1362s stack positions out of 5000i,500n,10000p,200000b,50000s
</usr/share/texmf-dist/fonts/opentype/public/lm-math/lmodern-math.otf></usr/sha
re/texmf-dist/fonts/opentype/public/lm-math/lmodern-math.otf></usr/share/fonts/
OTF/LinLibertine_RB.otf></usr/share/fonts/OTF/LinBiolinum_RB.otf></usr/share/fo
nts/OTF/LinLibertine_RI.otf></usr/share/fonts/OTF/LinLibertine_R.otf></usr/shar
e/texmf-dist/fonts/type1/public/amsfonts/symbols/msam10.pfb>
Output written on main.pdf (19 pages, 510571 bytes).

PDF statistics: 340 PDF objects out of 1000 (max. 8388607)
 274 compressed objects within 3 object streams
 92 named destinations out of 1000 (max. 131072)
 176 words of extra memory for PDF output out of 10000 (max. 10000000)

