\BOOKMARK [0][-]{chapter.1}{Introduction}{}% 1
\BOOKMARK [0][-]{chapter.2}{Theory}{}% 2
\BOOKMARK [1][-]{section.2.1}{Modal process rewrite system}{chapter.2}% 3
\BOOKMARK [1][-]{section.2.2}{Basic definitions}{chapter.2}% 4
\BOOKMARK [1][-]{section.2.3}{Modal transition system}{chapter.2}% 5
\BOOKMARK [1][-]{section.2.4}{Modal process rewrite system}{chapter.2}% 6
\BOOKMARK [1][-]{section.2.5}{Modal refinement}{chapter.2}% 7
\BOOKMARK [1][-]{section.2.6}{Attack sequences}{chapter.2}% 8
\BOOKMARK [1][-]{section.2.7}{Visibly pushdown automaton}{chapter.2}% 9
\BOOKMARK [0][-]{chapter.3}{Algorithms}{}% 10
\BOOKMARK [1][-]{section.3.1}{Description}{chapter.3}% 11
\BOOKMARK [1][-]{section.3.2}{Soundness and completeness}{chapter.3}% 12
\BOOKMARK [2][-]{subsection.3.2.1}{Soundness}{section.3.2}% 13
\BOOKMARK [2][-]{subsection.3.2.2}{Completeness}{section.3.2}% 14
\BOOKMARK [1][-]{section.3.3}{Runtime}{chapter.3}% 15
\BOOKMARK [1][-]{section.3.4}{Optimizations}{chapter.3}% 16
\BOOKMARK [1][-]{section.3.5}{Performance evaluation}{chapter.3}% 17
\BOOKMARK [1][-]{section.3.6}{Example}{chapter.3}% 18
\BOOKMARK [0][-]{chapter.4}{Conclusion}{}% 19
\BOOKMARK [0][-]{chapter*.3}{Bibliography}{}% 20
